mode: set
vexel/inference/pkg/tokenizer/tokenizer.go:25.44,27.16 2 1
vexel/inference/pkg/tokenizer/tokenizer.go:27.16,29.3 1 0
vexel/inference/pkg/tokenizer/tokenizer.go:30.2,42.57 3 1
vexel/inference/pkg/tokenizer/tokenizer.go:42.57,44.3 1 0
vexel/inference/pkg/tokenizer/tokenizer.go:46.2,47.37 2 1
vexel/inference/pkg/tokenizer/tokenizer.go:47.37,49.3 1 1
vexel/inference/pkg/tokenizer/tokenizer.go:52.2,58.39 5 1
vexel/inference/pkg/tokenizer/tokenizer.go:58.39,59.22 1 1
vexel/inference/pkg/tokenizer/tokenizer.go:60.14,61.16 1 1
vexel/inference/pkg/tokenizer/tokenizer.go:62.15,63.16 1 1
vexel/inference/pkg/tokenizer/tokenizer.go:64.24,68.18 3 1
vexel/inference/pkg/tokenizer/tokenizer.go:71.3,71.58 1 1
vexel/inference/pkg/tokenizer/tokenizer.go:71.58,74.4 2 1
vexel/inference/pkg/tokenizer/tokenizer.go:75.3,75.53 1 1
vexel/inference/pkg/tokenizer/tokenizer.go:79.2,80.41 2 1
vexel/inference/pkg/tokenizer/tokenizer.go:80.41,82.3 1 1
vexel/inference/pkg/tokenizer/tokenizer.go:85.2,85.48 1 1
vexel/inference/pkg/tokenizer/tokenizer.go:85.48,87.3 1 1
vexel/inference/pkg/tokenizer/tokenizer.go:89.2,97.8 1 1
vexel/inference/pkg/tokenizer/tokenizer.go:101.56,102.16 1 1
vexel/inference/pkg/tokenizer/tokenizer.go:102.16,104.3 1 0
vexel/inference/pkg/tokenizer/tokenizer.go:106.2,109.31 3 1
vexel/inference/pkg/tokenizer/tokenizer.go:109.31,110.20 1 1
vexel/inference/pkg/tokenizer/tokenizer.go:110.20,111.39 1 1
vexel/inference/pkg/tokenizer/tokenizer.go:111.39,113.5 1 1
vexel/inference/pkg/tokenizer/tokenizer.go:114.9,119.4 4 1
vexel/inference/pkg/tokenizer/tokenizer.go:122.2,122.22 1 1
vexel/inference/pkg/tokenizer/tokenizer.go:122.22,124.3 1 0
vexel/inference/pkg/tokenizer/tokenizer.go:126.2,126.20 1 1
vexel/inference/pkg/tokenizer/tokenizer.go:134.65,135.31 1 1
vexel/inference/pkg/tokenizer/tokenizer.go:135.31,137.3 1 0
vexel/inference/pkg/tokenizer/tokenizer.go:139.2,142.25 3 1
vexel/inference/pkg/tokenizer/tokenizer.go:142.25,147.38 4 1
vexel/inference/pkg/tokenizer/tokenizer.go:147.38,149.37 2 1
vexel/inference/pkg/tokenizer/tokenizer.go:149.37,153.5 3 1
vexel/inference/pkg/tokenizer/tokenizer.go:156.3,156.22 1 1
vexel/inference/pkg/tokenizer/tokenizer.go:156.22,157.26 1 1
vexel/inference/pkg/tokenizer/tokenizer.go:157.26,159.5 1 1
vexel/inference/pkg/tokenizer/tokenizer.go:160.4,160.9 1 1
vexel/inference/pkg/tokenizer/tokenizer.go:163.3,163.22 1 1
vexel/inference/pkg/tokenizer/tokenizer.go:163.22,165.4 1 1
vexel/inference/pkg/tokenizer/tokenizer.go:167.3,168.57 2 1
vexel/inference/pkg/tokenizer/tokenizer.go:171.2,171.17 1 1
vexel/inference/pkg/tokenizer/tokenizer.go:174.106,175.16 1 1
vexel/inference/pkg/tokenizer/tokenizer.go:175.16,177.3 1 0
vexel/inference/pkg/tokenizer/tokenizer.go:180.2,180.33 1 1
vexel/inference/pkg/tokenizer/tokenizer.go:180.33,182.3 1 1
vexel/inference/pkg/tokenizer/tokenizer.go:185.2,186.20 2 1
vexel/inference/pkg/tokenizer/tokenizer.go:186.20,188.3 1 1
vexel/inference/pkg/tokenizer/tokenizer.go:189.2,194.25 4 1
vexel/inference/pkg/tokenizer/tokenizer.go:194.25,204.21 7 1
vexel/inference/pkg/tokenizer/tokenizer.go:204.21,207.23 1 1
vexel/inference/pkg/tokenizer/tokenizer.go:207.23,213.53 4 1
vexel/inference/pkg/tokenizer/tokenizer.go:213.53,215.42 2 1
vexel/inference/pkg/tokenizer/tokenizer.go:215.42,217.30 2 1
vexel/inference/pkg/tokenizer/tokenizer.go:217.30,221.8 3 1
vexel/inference/pkg/tokenizer/tokenizer.go:222.7,222.12 1 1
vexel/inference/pkg/tokenizer/tokenizer.go:227.5,227.37 1 1
vexel/inference/pkg/tokenizer/tokenizer.go:227.37,228.42 1 1
vexel/inference/pkg/tokenizer/tokenizer.go:228.42,231.7 2 1
vexel/inference/pkg/tokenizer/tokenizer.go:233.10,235.50 1 1
vexel/inference/pkg/tokenizer/tokenizer.go:235.50,237.42 2 1
vexel/inference/pkg/tokenizer/tokenizer.go:237.42,240.12 3 1
vexel/inference/pkg/tokenizer/tokenizer.go:244.9,246.84 1 0
vexel/inference/pkg/tokenizer/tokenizer.go:246.84,247.50 1 0
vexel/inference/pkg/tokenizer/tokenizer.go:247.50,249.42 2 0
vexel/inference/pkg/tokenizer/tokenizer.go:249.42,252.12 3 0
vexel/inference/pkg/tokenizer/tokenizer.go:257.4,259.69 3 0
vexel/inference/pkg/tokenizer/tokenizer.go:259.69,262.59 3 0
vexel/inference/pkg/tokenizer/tokenizer.go:262.59,264.42 2 0
vexel/inference/pkg/tokenizer/tokenizer.go:264.42,268.12 4 0
vexel/inference/pkg/tokenizer/tokenizer.go:271.5,271.23 1 0
vexel/inference/pkg/tokenizer/tokenizer.go:271.23,272.42 1 0
vexel/inference/pkg/tokenizer/tokenizer.go:272.42,275.7 2 0
vexel/inference/pkg/tokenizer/tokenizer.go:279.4,279.23 1 0
vexel/inference/pkg/tokenizer/tokenizer.go:279.23,283.59 4 0
vexel/inference/pkg/tokenizer/tokenizer.go:283.59,285.42 2 0
vexel/inference/pkg/tokenizer/tokenizer.go:285.42,287.30 2 0
vexel/inference/pkg/tokenizer/tokenizer.go:287.30,291.8 3 0
vexel/inference/pkg/tokenizer/tokenizer.go:292.7,292.12 1 0
vexel/inference/pkg/tokenizer/tokenizer.go:295.5,295.37 1 0
vexel/inference/pkg/tokenizer/tokenizer.go:295.37,296.42 1 0
vexel/inference/pkg/tokenizer/tokenizer.go:296.42,299.7 2 0
vexel/inference/pkg/tokenizer/tokenizer.go:303.4,303.18 1 0
vexel/inference/pkg/tokenizer/tokenizer.go:303.18,304.50 1 0
vexel/inference/pkg/tokenizer/tokenizer.go:304.50,306.42 2 0
vexel/inference/pkg/tokenizer/tokenizer.go:306.42,309.12 3 0
vexel/inference/pkg/tokenizer/tokenizer.go:315.3,315.18 1 1
vexel/inference/pkg/tokenizer/tokenizer.go:315.18,317.19 2 1
vexel/inference/pkg/tokenizer/tokenizer.go:317.19,318.34 1 1
vexel/inference/pkg/tokenizer/tokenizer.go:318.34,320.6 1 1
vexel/inference/pkg/tokenizer/tokenizer.go:320.11,322.6 1 0
vexel/inference/pkg/tokenizer/tokenizer.go:324.9,327.40 3 1
vexel/inference/pkg/tokenizer/tokenizer.go:327.40,329.5 1 1
vexel/inference/pkg/tokenizer/tokenizer.go:329.10,332.23 1 0
vexel/inference/pkg/tokenizer/tokenizer.go:332.23,334.40 2 0
vexel/inference/pkg/tokenizer/tokenizer.go:334.40,336.7 1 0
vexel/inference/pkg/tokenizer/tokenizer.go:339.4,339.29 1 1
vexel/inference/pkg/tokenizer/tokenizer.go:343.2,343.20 1 1
vexel/inference/pkg/tokenizer/tokenizer.go:346.24,347.11 1 1
vexel/inference/pkg/tokenizer/tokenizer.go:347.11,349.3 1 1
vexel/inference/pkg/tokenizer/tokenizer.go:350.2,350.10 1 1
vexel/inference/pkg/tokenizer/tokenizer.go:355.55,357.25 2 1
vexel/inference/pkg/tokenizer/tokenizer.go:357.25,358.29 1 1
vexel/inference/pkg/tokenizer/tokenizer.go:358.29,360.4 1 1
vexel/inference/pkg/tokenizer/tokenizer.go:362.2,365.35 3 1
vexel/inference/pkg/tokenizer/tokenizer.go:368.42,370.71 2 1
vexel/inference/pkg/tokenizer/tokenizer.go:370.71,372.61 2 1
vexel/inference/pkg/tokenizer/tokenizer.go:372.61,374.4 1 1
vexel/inference/pkg/tokenizer/tokenizer.go:375.3,375.15 1 0
vexel/inference/pkg/tokenizer/tokenizer.go:377.2,377.10 1 1
vexel/inference/pkg/tokenizer/tokenizer.go:380.31,380.47 1 1
vexel/inference/pkg/tokenizer/tokenizer.go:381.31,381.47 1 1
vexel/inference/pkg/tokenizer/tokenizer.go:382.35,382.54 1 1
vexel/inference/pkg/tokenizer/tokenizer.go:383.37,383.60 1 1
vexel/inference/pkg/tokenizer/tokenizer.go:394.43,403.2 1 1
vexel/inference/pkg/tokenizer/tokenizer.go:405.40,414.2 1 1
vexel/inference/pkg/tokenizer/tokenizer.go:416.83,418.24 2 1
vexel/inference/pkg/tokenizer/tokenizer.go:418.24,422.3 3 1
vexel/inference/pkg/tokenizer/tokenizer.go:423.2,427.20 5 1
