mode: set
vexel/inference/backend/cpu/backend.go:15.27,17.2 1 1
vexel/inference/backend/cpu/backend.go:20.58,22.2 1 1
vexel/inference/backend/cpu/backend.go:25.45,27.2 1 1
vexel/inference/backend/cpu/backend.go:30.67,32.21 1 1
vexel/inference/backend/cpu/backend.go:32.21,34.3 1 1
vexel/inference/backend/cpu/backend.go:37.2,38.20 2 1
vexel/inference/backend/cpu/backend.go:38.20,40.3 1 1
vexel/inference/backend/cpu/backend.go:42.2,45.34 3 1
vexel/inference/backend/cpu/backend.go:45.34,48.17 3 1
vexel/inference/backend/cpu/backend.go:48.17,50.4 1 0
vexel/inference/backend/cpu/backend.go:52.3,53.27 2 1
vexel/inference/backend/cpu/backend.go:53.27,55.33 2 1
vexel/inference/backend/cpu/backend.go:55.33,56.28 1 1
vexel/inference/backend/cpu/backend.go:56.28,58.29 2 1
vexel/inference/backend/cpu/backend.go:58.29,60.7 1 1
vexel/inference/backend/cpu/backend.go:61.6,61.22 1 1
vexel/inference/backend/cpu/backend.go:66.2,66.11 1 1
vexel/inference/backend/cpu/backend.go:70.77,71.21 1 0
vexel/inference/backend/cpu/backend.go:71.21,73.3 1 0
vexel/inference/backend/cpu/backend.go:76.2,77.20 2 0
vexel/inference/backend/cpu/backend.go:77.20,79.3 1 0
vexel/inference/backend/cpu/backend.go:81.2,84.34 3 0
vexel/inference/backend/cpu/backend.go:84.34,87.17 3 0
vexel/inference/backend/cpu/backend.go:87.17,89.4 1 0
vexel/inference/backend/cpu/backend.go:91.3,92.27 2 0
vexel/inference/backend/cpu/backend.go:92.27,94.33 2 0
vexel/inference/backend/cpu/backend.go:94.33,95.28 1 0
vexel/inference/backend/cpu/backend.go:95.28,101.29 2 0
vexel/inference/backend/cpu/backend.go:101.29,103.7 1 0
vexel/inference/backend/cpu/backend.go:104.6,104.22 1 0
vexel/inference/backend/cpu/backend.go:109.2,109.11 1 0
vexel/inference/backend/cpu/backend.go:113.85,114.28 1 1
vexel/inference/backend/cpu/backend.go:114.28,117.29 3 1
vexel/inference/backend/cpu/backend.go:117.29,120.4 2 1
vexel/inference/backend/cpu/backend.go:122.3,125.29 3 1
vexel/inference/backend/cpu/backend.go:125.29,127.4 1 1
vexel/inference/backend/cpu/backend.go:136.99,139.36 2 1
vexel/inference/backend/cpu/backend.go:139.36,146.34 4 0
vexel/inference/backend/cpu/backend.go:146.34,158.4 10 0
vexel/inference/backend/cpu/backend.go:161.2,161.14 1 1
vexel/inference/backend/cpu/backend.go:161.14,164.22 2 1
vexel/inference/backend/cpu/backend.go:164.22,166.4 1 0
vexel/inference/backend/cpu/backend.go:167.3,168.38 2 1
vexel/inference/backend/cpu/backend.go:168.38,173.35 4 1
vexel/inference/backend/cpu/backend.go:173.35,185.5 10 1
vexel/inference/backend/cpu/backend.go:191.52,192.25 1 1
vexel/inference/backend/cpu/backend.go:192.25,196.3 3 1
vexel/inference/backend/cpu/backend.go:200.84,201.25 1 1
vexel/inference/backend/cpu/backend.go:201.25,204.36 3 1
vexel/inference/backend/cpu/backend.go:204.36,205.12 1 0
vexel/inference/backend/cpu/backend.go:207.3,209.17 3 1
vexel/inference/backend/cpu/backend.go:214.64,215.28 1 1
vexel/inference/backend/cpu/backend.go:215.28,222.25 5 1
vexel/inference/backend/cpu/backend.go:222.25,223.18 1 1
vexel/inference/backend/cpu/backend.go:223.18,225.5 1 1
vexel/inference/backend/cpu/backend.go:229.3,230.25 2 1
vexel/inference/backend/cpu/backend.go:230.25,234.4 3 1
vexel/inference/backend/cpu/backend.go:237.3,238.25 2 1
vexel/inference/backend/cpu/backend.go:238.25,240.4 1 1
vexel/inference/backend/cpu/backend.go:247.103,248.16 1 1
vexel/inference/backend/cpu/backend.go:248.16,250.3 1 1
vexel/inference/backend/cpu/backend.go:254.2,254.33 1 1
vexel/inference/backend/cpu/backend.go:254.33,255.35 1 1
vexel/inference/backend/cpu/backend.go:255.35,259.35 2 1
vexel/inference/backend/cpu/backend.go:259.35,273.5 10 1
vexel/inference/backend/cpu/backend.go:287.127,295.33 3 1
vexel/inference/backend/cpu/backend.go:295.33,311.36 7 1
vexel/inference/backend/cpu/backend.go:311.36,317.33 4 1
vexel/inference/backend/cpu/backend.go:317.33,319.5 1 1
vexel/inference/backend/cpu/backend.go:320.4,320.29 1 1
vexel/inference/backend/cpu/backend.go:325.3,326.28 2 1
vexel/inference/backend/cpu/backend.go:326.28,327.20 1 1
vexel/inference/backend/cpu/backend.go:327.20,329.5 1 1
vexel/inference/backend/cpu/backend.go:333.3,334.25 2 1
vexel/inference/backend/cpu/backend.go:334.25,337.4 2 1
vexel/inference/backend/cpu/backend.go:340.3,341.25 2 1
vexel/inference/backend/cpu/backend.go:341.25,343.4 1 1
vexel/inference/backend/cpu/backend.go:347.3,347.32 1 1
vexel/inference/backend/cpu/backend.go:347.32,349.4 1 1
vexel/inference/backend/cpu/backend.go:351.3,351.36 1 1
vexel/inference/backend/cpu/backend.go:351.36,357.33 4 1
vexel/inference/backend/cpu/backend.go:357.33,359.5 1 1
vexel/inference/backend/cpu/cpu.go:26.34,28.2 1 1
vexel/inference/backend/cpu/cpu.go:31.45,33.2 1 0
vexel/inference/backend/cpu/cpu.go:40.56,41.16 1 1
vexel/inference/backend/cpu/cpu.go:41.16,43.3 1 0
vexel/inference/backend/cpu/cpu.go:45.2,46.75 2 1
vexel/inference/backend/cpu/cpu.go:50.50,52.2 0 0
vexel/inference/backend/cpu/cpu.go:55.65,56.34 1 1
vexel/inference/backend/cpu/cpu.go:56.34,58.3 1 0
vexel/inference/backend/cpu/cpu.go:59.2,60.21 2 1
vexel/inference/backend/cpu/cpu.go:64.63,65.34 1 1
vexel/inference/backend/cpu/cpu.go:65.34,67.3 1 0
vexel/inference/backend/cpu/cpu.go:68.2,69.21 2 1
vexel/inference/backend/cpu/cpu.go:73.30,75.2 0 0
vexel/inference/backend/cpu/cpu.go:82.63,83.17 1 1
vexel/inference/backend/cpu/cpu.go:83.17,85.3 1 0
vexel/inference/backend/cpu/cpu.go:86.2,86.64 1 1
vexel/inference/backend/cpu/cpu.go:95.73,96.19 1 0
vexel/inference/backend/cpu/cpu.go:96.19,99.3 2 0
vexel/inference/backend/cpu/cpu.go:100.2,100.38 1 0
vexel/inference/backend/cpu/cpu.go:104.78,109.25 4 0
vexel/inference/backend/cpu/cpu.go:109.25,111.3 1 0
vexel/inference/backend/cpu/cpu.go:113.2,114.20 2 0
vexel/inference/backend/cpu/cpu.go:114.20,116.3 1 0
vexel/inference/backend/cpu/cpu.go:118.2,121.34 3 0
vexel/inference/backend/cpu/cpu.go:121.34,124.17 3 0
vexel/inference/backend/cpu/cpu.go:124.17,126.4 1 0
vexel/inference/backend/cpu/cpu.go:128.3,129.27 2 0
vexel/inference/backend/cpu/cpu.go:129.27,131.33 2 0
vexel/inference/backend/cpu/cpu.go:131.33,132.28 1 0
vexel/inference/backend/cpu/cpu.go:132.28,134.29 2 0
vexel/inference/backend/cpu/cpu.go:134.29,136.7 1 0
vexel/inference/backend/cpu/cpu.go:137.6,137.26 1 0
vexel/inference/backend/cpu/cpu.go:142.2,142.11 1 0
vexel/inference/backend/cpu/cpu.go:147.83,148.19 1 0
vexel/inference/backend/cpu/cpu.go:148.19,151.3 2 0
vexel/inference/backend/cpu/cpu.go:152.2,152.48 1 0
vexel/inference/backend/cpu/cpu.go:156.88,161.25 4 0
vexel/inference/backend/cpu/cpu.go:161.25,163.3 1 0
vexel/inference/backend/cpu/cpu.go:165.2,166.20 2 0
vexel/inference/backend/cpu/cpu.go:166.20,168.3 1 0
vexel/inference/backend/cpu/cpu.go:170.2,173.34 3 0
vexel/inference/backend/cpu/cpu.go:173.34,176.17 3 0
vexel/inference/backend/cpu/cpu.go:176.17,178.4 1 0
vexel/inference/backend/cpu/cpu.go:180.3,181.27 2 0
vexel/inference/backend/cpu/cpu.go:181.27,183.33 2 0
vexel/inference/backend/cpu/cpu.go:183.33,184.28 1 0
vexel/inference/backend/cpu/cpu.go:184.28,186.29 2 0
vexel/inference/backend/cpu/cpu.go:186.29,188.7 1 0
vexel/inference/backend/cpu/cpu.go:189.6,189.26 1 0
vexel/inference/backend/cpu/cpu.go:194.2,194.11 1 0
vexel/inference/backend/cpu/cpu.go:198.92,203.28 4 0
vexel/inference/backend/cpu/cpu.go:203.28,206.29 3 0
vexel/inference/backend/cpu/cpu.go:206.29,209.4 2 0
vexel/inference/backend/cpu/cpu.go:211.3,214.29 3 0
vexel/inference/backend/cpu/cpu.go:214.29,216.4 1 0
vexel/inference/backend/cpu/cpu.go:224.142,227.27 2 1
vexel/inference/backend/cpu/cpu.go:227.27,229.3 1 1
vexel/inference/backend/cpu/cpu.go:230.2,235.36 4 1
vexel/inference/backend/cpu/cpu.go:235.36,241.36 4 1
vexel/inference/backend/cpu/cpu.go:241.36,244.16 2 1
vexel/inference/backend/cpu/cpu.go:244.16,248.5 2 1
vexel/inference/backend/cpu/cpu.go:248.10,252.5 2 1
vexel/inference/backend/cpu/cpu.go:254.4,263.44 9 1
vexel/inference/backend/cpu/cpu.go:267.2,267.16 1 1
vexel/inference/backend/cpu/cpu.go:267.16,270.38 3 0
vexel/inference/backend/cpu/cpu.go:270.38,275.37 4 0
vexel/inference/backend/cpu/cpu.go:275.37,278.17 2 0
vexel/inference/backend/cpu/cpu.go:278.17,282.6 2 0
vexel/inference/backend/cpu/cpu.go:282.11,286.6 2 0
vexel/inference/backend/cpu/cpu.go:288.5,297.45 9 0
vexel/inference/backend/cpu/cpu.go:304.59,308.25 3 0
vexel/inference/backend/cpu/cpu.go:308.25,312.3 3 0
vexel/inference/backend/cpu/cpu.go:316.69,321.25 4 0
vexel/inference/backend/cpu/cpu.go:321.25,325.3 3 0
vexel/inference/backend/cpu/cpu.go:330.100,336.28 5 1
vexel/inference/backend/cpu/cpu.go:336.28,342.29 4 1
vexel/inference/backend/cpu/cpu.go:342.29,344.4 1 1
vexel/inference/backend/cpu/cpu.go:345.3,349.29 3 1
vexel/inference/backend/cpu/cpu.go:349.29,352.4 2 1
vexel/inference/backend/cpu/cpu.go:353.3,357.29 3 1
vexel/inference/backend/cpu/cpu.go:357.29,360.4 2 1
vexel/inference/backend/cpu/cpu.go:366.59,373.25 5 1
vexel/inference/backend/cpu/cpu.go:373.25,379.3 5 1
vexel/inference/backend/cpu/cpu.go:383.77,388.28 4 1
vexel/inference/backend/cpu/cpu.go:388.28,390.29 2 1
vexel/inference/backend/cpu/cpu.go:390.29,392.4 1 1
vexel/inference/backend/cpu/cpu.go:397.71,401.28 3 0
vexel/inference/backend/cpu/cpu.go:401.28,407.25 5 0
vexel/inference/backend/cpu/cpu.go:407.25,408.18 1 0
vexel/inference/backend/cpu/cpu.go:408.18,410.5 1 0
vexel/inference/backend/cpu/cpu.go:413.3,414.25 2 0
vexel/inference/backend/cpu/cpu.go:414.25,418.4 3 0
vexel/inference/backend/cpu/cpu.go:420.3,421.25 2 0
vexel/inference/backend/cpu/cpu.go:421.25,423.4 1 0
vexel/inference/backend/cpu/cpu.go:428.63,433.25 4 0
vexel/inference/backend/cpu/cpu.go:433.25,435.3 1 0
vexel/inference/backend/cpu/cpu.go:439.63,444.25 4 0
vexel/inference/backend/cpu/cpu.go:444.25,446.3 1 0
vexel/inference/backend/cpu/cpu.go:450.118,455.33 4 0
vexel/inference/backend/cpu/cpu.go:455.33,457.32 2 0
vexel/inference/backend/cpu/cpu.go:457.32,458.12 1 0
vexel/inference/backend/cpu/cpu.go:460.3,460.63 1 0
vexel/inference/backend/cpu/cpu.go:467.134,476.33 7 0
vexel/inference/backend/cpu/cpu.go:476.33,488.36 7 0
vexel/inference/backend/cpu/cpu.go:488.36,493.33 4 0
vexel/inference/backend/cpu/cpu.go:493.33,495.5 1 0
vexel/inference/backend/cpu/cpu.go:496.4,496.29 1 0
vexel/inference/backend/cpu/cpu.go:499.3,500.28 2 0
vexel/inference/backend/cpu/cpu.go:500.28,501.20 1 0
vexel/inference/backend/cpu/cpu.go:501.20,503.5 1 0
vexel/inference/backend/cpu/cpu.go:506.3,507.25 2 0
vexel/inference/backend/cpu/cpu.go:507.25,510.4 2 0
vexel/inference/backend/cpu/cpu.go:512.3,513.25 2 0
vexel/inference/backend/cpu/cpu.go:513.25,515.4 1 0
vexel/inference/backend/cpu/cpu.go:517.3,517.32 1 0
vexel/inference/backend/cpu/cpu.go:517.32,519.4 1 0
vexel/inference/backend/cpu/cpu.go:521.3,521.36 1 0
vexel/inference/backend/cpu/cpu.go:521.36,526.33 4 0
vexel/inference/backend/cpu/cpu.go:526.33,528.5 1 0
vexel/inference/backend/cpu/cpu.go:534.124,542.39 6 0
vexel/inference/backend/cpu/cpu.go:542.39,543.34 1 0
vexel/inference/backend/cpu/cpu.go:543.34,556.42 8 0
vexel/inference/backend/cpu/cpu.go:556.42,561.34 4 0
vexel/inference/backend/cpu/cpu.go:561.34,563.6 1 0
vexel/inference/backend/cpu/cpu.go:564.5,564.31 1 0
vexel/inference/backend/cpu/cpu.go:567.4,568.29 2 0
vexel/inference/backend/cpu/cpu.go:568.29,569.21 1 0
vexel/inference/backend/cpu/cpu.go:569.21,571.6 1 0
vexel/inference/backend/cpu/cpu.go:574.4,575.26 2 0
vexel/inference/backend/cpu/cpu.go:575.26,578.5 2 0
vexel/inference/backend/cpu/cpu.go:580.4,581.26 2 0
vexel/inference/backend/cpu/cpu.go:581.26,583.5 1 0
vexel/inference/backend/cpu/cpu.go:585.4,585.33 1 0
vexel/inference/backend/cpu/cpu.go:585.33,587.5 1 0
vexel/inference/backend/cpu/cpu.go:589.4,589.42 1 0
vexel/inference/backend/cpu/cpu.go:589.42,594.34 4 0
vexel/inference/backend/cpu/cpu.go:594.34,596.6 1 0
vexel/inference/backend/cpu/cpu.go:607.76,613.25 4 0
vexel/inference/backend/cpu/cpu.go:613.25,615.3 1 0
vexel/inference/backend/cpu/cpu.go:617.2,622.20 5 0
vexel/inference/backend/cpu/cpu.go:622.20,624.3 1 0
vexel/inference/backend/cpu/cpu.go:626.2,629.34 3 0
vexel/inference/backend/cpu/cpu.go:629.34,632.17 3 0
vexel/inference/backend/cpu/cpu.go:632.17,634.4 1 0
vexel/inference/backend/cpu/cpu.go:636.3,637.27 2 0
vexel/inference/backend/cpu/cpu.go:637.27,639.33 2 0
vexel/inference/backend/cpu/cpu.go:639.33,642.28 2 0
vexel/inference/backend/cpu/cpu.go:642.28,646.46 3 0
vexel/inference/backend/cpu/cpu.go:646.46,656.43 5 0
vexel/inference/backend/cpu/cpu.go:656.43,668.8 7 0
vexel/inference/backend/cpu/cpu.go:670.6,670.26 1 0
vexel/inference/backend/cpu/cpu.go:675.2,675.11 1 0
vexel/inference/backend/cpu/cpu.go:681.77,684.92 1 0
vexel/inference/backend/cpu/cpu.go:689.77,692.92 1 0
vexel/inference/backend/cpu/cpu.go:696.57,697.17 1 0
vexel/inference/backend/cpu/cpu.go:697.17,699.3 1 0
vexel/inference/backend/cpu/cpu.go:700.2,700.61 1 0
vexel/inference/backend/cpu/cpu.go:704.41,709.14 4 0
vexel/inference/backend/cpu/cpu.go:709.14,710.16 1 0
vexel/inference/backend/cpu/cpu.go:710.16,713.4 1 0
vexel/inference/backend/cpu/cpu.go:715.3,716.27 2 0
vexel/inference/backend/cpu/cpu.go:716.27,719.4 2 0
vexel/inference/backend/cpu/cpu.go:720.3,720.16 1 0
vexel/inference/backend/cpu/cpu.go:721.8,721.22 1 0
vexel/inference/backend/cpu/cpu.go:721.22,722.16 1 0
vexel/inference/backend/cpu/cpu.go:722.16,725.4 1 0
vexel/inference/backend/cpu/cpu.go:727.3,727.72 1 0
vexel/inference/backend/cpu/cpu.go:730.2,733.64 3 0
vexel/inference/backend/cpu/matmul_accelerate.go:43.83,48.2 4 0
vexel/inference/backend/cpu/matmul_accelerate.go:52.93,57.2 4 0
vexel/inference/runtime/block.go:22.93,23.53 1 0
vexel/inference/runtime/block.go:23.53,25.3 1 0
vexel/inference/runtime/block.go:27.2,32.9 3 0
vexel/inference/runtime/block.go:32.9,34.3 1 0
vexel/inference/runtime/block.go:35.2,39.24 4 0
vexel/inference/runtime/block.go:39.24,41.3 1 0
vexel/inference/runtime/block.go:43.2,46.27 4 0
vexel/inference/runtime/block.go:46.27,47.29 1 0
vexel/inference/runtime/block.go:47.29,49.29 2 0
vexel/inference/runtime/block.go:49.29,51.5 1 0
vexel/inference/runtime/block.go:52.9,53.15 1 0
vexel/inference/runtime/block.go:53.15,55.5 1 0
vexel/inference/runtime/block.go:56.4,56.15 1 0
vexel/inference/runtime/block.go:56.15,58.5 1 0
vexel/inference/runtime/block.go:59.4,59.12 1 0
vexel/inference/runtime/block.go:62.2,65.21 3 0
vexel/inference/runtime/block.go:65.21,67.3 1 0
vexel/inference/runtime/block.go:68.2,68.43 1 0
vexel/inference/runtime/block.go:68.43,71.3 1 0
vexel/inference/runtime/block.go:71.8,74.3 1 0
vexel/inference/runtime/block.go:78.30,80.2 1 1
vexel/inference/runtime/block.go:83.111,84.33 1 0
vexel/inference/runtime/block.go:84.33,86.3 1 0
vexel/inference/runtime/block.go:88.2,92.9 2 0
vexel/inference/runtime/block.go:92.9,94.3 1 0
vexel/inference/runtime/block.go:96.2,103.29 6 0
vexel/inference/runtime/block.go:103.29,105.3 1 0
vexel/inference/runtime/block.go:106.2,106.73 1 0
vexel/inference/runtime/block.go:113.120,114.33 1 0
vexel/inference/runtime/block.go:114.33,116.3 1 0
vexel/inference/runtime/block.go:118.2,122.9 2 0
vexel/inference/runtime/block.go:122.9,124.3 1 0
vexel/inference/runtime/block.go:127.2,128.34 2 0
vexel/inference/runtime/block.go:128.34,130.3 1 0
vexel/inference/runtime/block.go:131.2,140.39 6 0
vexel/inference/runtime/block.go:140.39,143.52 3 0
vexel/inference/runtime/block.go:143.52,145.4 1 0
vexel/inference/runtime/block.go:146.3,146.92 1 0
vexel/inference/runtime/block.go:151.86,152.33 1 0
vexel/inference/runtime/block.go:152.33,154.3 1 0
vexel/inference/runtime/block.go:155.2,160.9 3 0
vexel/inference/runtime/block.go:160.9,165.11 2 0
vexel/inference/runtime/block.go:165.11,167.4 1 0
vexel/inference/runtime/block.go:169.3,171.31 3 0
vexel/inference/runtime/block.go:172.8,175.3 2 0
vexel/inference/runtime/block.go:176.2,177.51 2 0
vexel/inference/runtime/block.go:182.114,183.47 1 0
vexel/inference/runtime/block.go:183.47,185.3 1 0
vexel/inference/runtime/block.go:186.2,186.37 1 0
vexel/inference/runtime/block.go:186.37,188.3 1 0
vexel/inference/runtime/block.go:190.2,194.9 2 0
vexel/inference/runtime/block.go:194.9,196.3 1 0
vexel/inference/runtime/block.go:198.2,203.24 5 0
vexel/inference/runtime/block.go:203.24,205.3 1 0
vexel/inference/runtime/block.go:207.2,207.50 1 0
vexel/inference/runtime/block.go:278.53,280.2 1 0
vexel/inference/runtime/block.go:283.75,323.2 11 1
vexel/inference/runtime/block.go:326.113,329.46 2 1
vexel/inference/runtime/block.go:329.46,331.3 1 0
vexel/inference/runtime/block.go:332.2,332.45 1 1
vexel/inference/runtime/block.go:332.45,333.27 1 0
vexel/inference/runtime/block.go:334.20,337.10 2 0
vexel/inference/runtime/block.go:338.20,341.10 2 0
vexel/inference/runtime/block.go:342.20,345.10 2 0
vexel/inference/runtime/block.go:346.11,350.19 2 0
vexel/inference/runtime/block.go:350.19,352.5 1 0
vexel/inference/runtime/block.go:356.2,356.60 1 1
vexel/inference/runtime/block.go:360.127,362.51 2 1
vexel/inference/runtime/block.go:362.51,364.3 1 1
vexel/inference/runtime/block.go:368.89,370.58 2 1
vexel/inference/runtime/block.go:370.58,371.18 1 1
vexel/inference/runtime/block.go:371.18,373.4 1 0
vexel/inference/runtime/block.go:374.3,374.84 1 1
vexel/inference/runtime/block.go:375.8,376.18 1 1
vexel/inference/runtime/block.go:376.18,378.4 1 0
vexel/inference/runtime/block.go:380.3,380.71 1 1
vexel/inference/runtime/block.go:391.121,395.40 3 1
vexel/inference/runtime/block.go:395.40,397.3 1 0
vexel/inference/runtime/block.go:400.2,422.41 16 1
vexel/inference/runtime/block.go:422.41,438.3 15 1
vexel/inference/runtime/block.go:438.8,446.3 7 0
vexel/inference/runtime/block.go:449.2,449.37 1 1
vexel/inference/runtime/block.go:449.37,451.3 1 1
vexel/inference/runtime/block.go:454.2,454.31 1 1
vexel/inference/runtime/block.go:454.31,457.3 2 1
vexel/inference/runtime/block.go:458.2,458.31 1 1
vexel/inference/runtime/block.go:458.31,461.3 2 1
vexel/inference/runtime/block.go:462.2,462.31 1 1
vexel/inference/runtime/block.go:462.31,465.3 2 1
vexel/inference/runtime/block.go:468.2,472.17 3 1
vexel/inference/runtime/block.go:472.17,474.3 1 1
vexel/inference/runtime/block.go:474.8,476.3 1 0
vexel/inference/runtime/block.go:479.2,480.24 2 1
vexel/inference/runtime/block.go:480.24,482.3 1 1
vexel/inference/runtime/block.go:482.8,484.3 1 1
vexel/inference/runtime/block.go:487.2,487.31 1 1
vexel/inference/runtime/block.go:487.31,490.26 3 1
vexel/inference/runtime/block.go:490.26,492.4 1 1
vexel/inference/runtime/block.go:496.2,496.59 1 1
vexel/inference/runtime/block.go:496.59,498.3 1 1
vexel/inference/runtime/block.go:501.2,501.26 1 1
vexel/inference/runtime/block.go:501.26,502.32 1 1
vexel/inference/runtime/block.go:502.32,505.4 2 1
vexel/inference/runtime/block.go:506.3,506.23 1 1
vexel/inference/runtime/block.go:506.23,508.4 1 1
vexel/inference/runtime/block.go:509.3,509.32 1 1
vexel/inference/runtime/block.go:509.32,512.4 2 1
vexel/inference/runtime/block.go:513.8,514.32 1 1
vexel/inference/runtime/block.go:514.32,517.4 2 1
vexel/inference/runtime/block.go:518.3,518.32 1 1
vexel/inference/runtime/block.go:518.32,521.4 2 1
vexel/inference/runtime/block.go:522.3,523.32 2 1
vexel/inference/runtime/block.go:523.32,526.4 2 1
vexel/inference/runtime/block.go:530.2,530.24 1 1
vexel/inference/runtime/block.go:530.24,534.3 3 1
vexel/inference/runtime/block.go:534.8,536.3 1 1
vexel/inference/runtime/block.go:538.3,538.16 1 1
vexel/inference/runtime/block.go:542.158,546.40 3 0
vexel/inference/runtime/block.go:546.40,548.3 1 0
vexel/inference/runtime/block.go:551.2,573.41 16 0
vexel/inference/runtime/block.go:573.41,589.3 15 0
vexel/inference/runtime/block.go:589.8,597.3 7 0
vexel/inference/runtime/block.go:600.2,600.37 1 0
vexel/inference/runtime/block.go:600.37,602.3 1 0
vexel/inference/runtime/block.go:606.2,606.31 1 0
vexel/inference/runtime/block.go:606.31,609.3 2 0
vexel/inference/runtime/block.go:612.2,612.31 1 0
vexel/inference/runtime/block.go:612.31,615.3 2 0
vexel/inference/runtime/block.go:617.2,617.31 1 0
vexel/inference/runtime/block.go:617.31,620.3 2 0
vexel/inference/runtime/block.go:623.2,629.23 4 0
vexel/inference/runtime/block.go:629.23,634.36 3 0
vexel/inference/runtime/block.go:634.36,639.4 4 0
vexel/inference/runtime/block.go:639.9,648.4 8 0
vexel/inference/runtime/block.go:651.3,652.17 2 0
vexel/inference/runtime/block.go:652.17,654.4 1 0
vexel/inference/runtime/block.go:657.3,665.42 6 0
vexel/inference/runtime/block.go:665.42,668.4 2 0
vexel/inference/runtime/block.go:668.9,674.4 5 0
vexel/inference/runtime/block.go:675.8,680.3 3 0
vexel/inference/runtime/block.go:683.2,685.17 2 0
vexel/inference/runtime/block.go:685.17,692.3 1 0
vexel/inference/runtime/block.go:692.8,695.3 1 0
vexel/inference/runtime/block.go:700.2,701.24 2 0
vexel/inference/runtime/block.go:701.24,703.3 1 0
vexel/inference/runtime/block.go:703.8,705.3 1 0
vexel/inference/runtime/block.go:708.2,708.31 1 0
vexel/inference/runtime/block.go:708.31,712.26 3 0
vexel/inference/runtime/block.go:712.26,714.4 1 0
vexel/inference/runtime/block.go:720.2,720.59 1 0
vexel/inference/runtime/block.go:720.59,723.3 1 0
vexel/inference/runtime/block.go:729.2,730.26 2 0
vexel/inference/runtime/block.go:730.26,732.21 1 0
vexel/inference/runtime/block.go:732.21,735.4 2 0
vexel/inference/runtime/block.go:736.3,736.32 1 0
vexel/inference/runtime/block.go:736.32,739.4 2 0
vexel/inference/runtime/block.go:740.3,740.21 1 0
vexel/inference/runtime/block.go:740.21,743.4 2 0
vexel/inference/runtime/block.go:745.3,745.53 1 0
vexel/inference/runtime/block.go:745.53,747.4 1 0
vexel/inference/runtime/block.go:748.3,748.21 1 0
vexel/inference/runtime/block.go:748.21,751.4 2 0
vexel/inference/runtime/block.go:752.3,752.32 1 0
vexel/inference/runtime/block.go:752.32,754.22 2 0
vexel/inference/runtime/block.go:754.22,759.5 3 0
vexel/inference/runtime/block.go:760.4,760.100 1 0
vexel/inference/runtime/block.go:762.3,762.21 1 0
vexel/inference/runtime/block.go:762.21,765.4 2 0
vexel/inference/runtime/block.go:766.8,768.32 1 0
vexel/inference/runtime/block.go:768.32,771.4 2 0
vexel/inference/runtime/block.go:772.3,772.32 1 0
vexel/inference/runtime/block.go:772.32,775.4 2 0
vexel/inference/runtime/block.go:776.3,777.32 2 0
vexel/inference/runtime/block.go:777.32,780.4 2 0
vexel/inference/runtime/block.go:785.2,785.24 1 0
vexel/inference/runtime/block.go:785.24,791.3 3 0
vexel/inference/runtime/block.go:791.8,794.3 1 0
vexel/inference/runtime/block.go:797.2,797.15 1 0
vexel/inference/runtime/block.go:802.136,806.40 3 0
vexel/inference/runtime/block.go:806.40,808.3 1 0
vexel/inference/runtime/block.go:812.2,813.17 2 0
vexel/inference/runtime/block.go:813.17,816.3 2 0
vexel/inference/runtime/block.go:819.2,820.14 2 0
vexel/inference/runtime/block.go:820.14,822.3 1 0
vexel/inference/runtime/block.go:825.2,825.67 1 0
vexel/inference/runtime/block.go:825.67,827.3 1 0
vexel/inference/runtime/block.go:830.2,830.44 1 0
vexel/inference/runtime/block.go:830.44,831.23 1 0
vexel/inference/runtime/block.go:831.23,837.4 5 0
vexel/inference/runtime/block.go:837.9,839.4 1 0
vexel/inference/runtime/block.go:843.2,868.41 17 0
vexel/inference/runtime/block.go:868.41,884.3 15 0
vexel/inference/runtime/block.go:884.8,892.3 7 0
vexel/inference/runtime/block.go:895.2,899.59 5 0
vexel/inference/runtime/block.go:899.59,906.3 4 0
vexel/inference/runtime/block.go:907.2,907.57 1 0
vexel/inference/runtime/block.go:907.57,914.3 4 0
vexel/inference/runtime/block.go:919.2,929.17 3 0
vexel/inference/runtime/block.go:929.17,931.44 1 0
vexel/inference/runtime/block.go:931.44,938.4 3 0
vexel/inference/runtime/block.go:939.8,939.24 1 0
vexel/inference/runtime/block.go:939.24,940.40 1 0
vexel/inference/runtime/block.go:940.40,947.4 3 0
vexel/inference/runtime/block.go:948.8,953.15 2 0
vexel/inference/runtime/block.go:953.15,956.4 2 0
vexel/inference/runtime/block.go:957.3,957.21 1 0
vexel/inference/runtime/block.go:957.21,960.4 2 0
vexel/inference/runtime/block.go:961.3,961.32 1 0
vexel/inference/runtime/block.go:961.32,962.39 1 0
vexel/inference/runtime/block.go:962.39,964.5 1 0
vexel/inference/runtime/block.go:967.3,967.15 1 0
vexel/inference/runtime/block.go:967.15,970.4 2 0
vexel/inference/runtime/block.go:972.3,974.21 2 0
vexel/inference/runtime/block.go:974.21,978.4 3 0
vexel/inference/runtime/block.go:980.3,980.26 1 0
vexel/inference/runtime/block.go:980.26,981.33 1 0
vexel/inference/runtime/block.go:981.33,984.5 2 0
vexel/inference/runtime/block.go:987.3,987.26 1 0
vexel/inference/runtime/block.go:987.26,988.33 1 0
vexel/inference/runtime/block.go:988.33,991.5 2 0
vexel/inference/runtime/block.go:994.3,994.26 1 0
vexel/inference/runtime/block.go:994.26,995.33 1 0
vexel/inference/runtime/block.go:995.33,998.23 2 0
vexel/inference/runtime/block.go:998.23,1002.37 2 0
vexel/inference/runtime/block.go:1002.37,1006.7 3 0
vexel/inference/runtime/block.go:1009.5,1009.54 1 0
vexel/inference/runtime/block.go:1009.54,1015.39 3 0
vexel/inference/runtime/block.go:1015.39,1017.7 1 0
vexel/inference/runtime/block.go:1017.12,1019.7 1 0
vexel/inference/runtime/block.go:1021.6,1021.22 1 0
vexel/inference/runtime/block.go:1023.5,1025.54 2 0
vexel/inference/runtime/block.go:1025.54,1027.6 1 0
vexel/inference/runtime/block.go:1029.5,1029.54 1 0
vexel/inference/runtime/block.go:1029.54,1033.6 3 0
vexel/inference/runtime/block.go:1039.2,1039.14 1 0
vexel/inference/runtime/block.go:1039.14,1044.3 4 0
vexel/inference/runtime/block.go:1046.2,1051.54 4 0
vexel/inference/runtime/block.go:1051.54,1056.34 4 0
vexel/inference/runtime/block.go:1056.34,1061.4 3 0
vexel/inference/runtime/block.go:1065.2,1065.27 1 0
vexel/inference/runtime/block.go:1065.27,1066.18 1 0
vexel/inference/runtime/block.go:1066.18,1069.4 1 0
vexel/inference/runtime/block.go:1069.9,1071.4 1 0
vexel/inference/runtime/block.go:1075.2,1075.14 1 0
vexel/inference/runtime/block.go:1075.14,1079.3 3 0
vexel/inference/runtime/block.go:1081.2,1085.54 3 0
vexel/inference/runtime/block.go:1085.54,1088.3 2 0
vexel/inference/runtime/block.go:1096.2,1096.38 1 0
vexel/inference/runtime/block.go:1096.38,1099.3 2 0
vexel/inference/runtime/block.go:1101.2,1103.30 3 0
vexel/inference/runtime/block.go:1103.30,1104.18 1 0
vexel/inference/runtime/block.go:1104.18,1108.4 1 0
vexel/inference/runtime/block.go:1108.9,1108.28 1 0
vexel/inference/runtime/block.go:1108.28,1115.4 3 0
vexel/inference/runtime/block.go:1115.9,1115.26 1 0
vexel/inference/runtime/block.go:1115.26,1121.4 3 0
vexel/inference/runtime/block.go:1121.9,1123.4 1 0
vexel/inference/runtime/block.go:1127.2,1127.54 1 0
vexel/inference/runtime/block.go:1127.54,1129.3 1 0
vexel/inference/runtime/block.go:1132.2,1132.14 1 0
vexel/inference/runtime/block.go:1132.14,1137.3 4 0
vexel/inference/runtime/block.go:1141.2,1141.37 1 0
vexel/inference/runtime/block.go:1141.37,1144.3 2 0
vexel/inference/runtime/block.go:1147.2,1151.24 3 0
vexel/inference/runtime/block.go:1151.24,1153.18 2 0
vexel/inference/runtime/block.go:1153.18,1157.36 3 0
vexel/inference/runtime/block.go:1157.36,1160.5 2 0
vexel/inference/runtime/block.go:1161.9,1164.4 2 0
vexel/inference/runtime/block.go:1167.2,1167.27 1 0
vexel/inference/runtime/block.go:1167.27,1168.18 1 0
vexel/inference/runtime/block.go:1168.18,1170.36 1 0
vexel/inference/runtime/block.go:1170.36,1172.5 1 0
vexel/inference/runtime/block.go:1174.4,1174.37 1 0
vexel/inference/runtime/block.go:1174.37,1179.5 3 0
vexel/inference/runtime/block.go:1180.4,1180.19 1 0
vexel/inference/runtime/block.go:1180.19,1181.37 1 0
vexel/inference/runtime/block.go:1181.37,1183.6 1 0
vexel/inference/runtime/block.go:1185.5,1186.64 2 0
vexel/inference/runtime/block.go:1187.10,1187.29 1 0
vexel/inference/runtime/block.go:1187.29,1188.37 1 0
vexel/inference/runtime/block.go:1188.37,1190.6 1 0
vexel/inference/runtime/block.go:1192.5,1194.64 3 0
vexel/inference/runtime/block.go:1195.10,1195.27 1 0
vexel/inference/runtime/block.go:1195.27,1196.37 1 0
vexel/inference/runtime/block.go:1196.37,1198.6 1 0
vexel/inference/runtime/block.go:1200.5,1200.109 1 0
vexel/inference/runtime/block.go:1201.10,1202.37 1 0
vexel/inference/runtime/block.go:1202.37,1204.6 1 0
vexel/inference/runtime/block.go:1205.5,1205.132 1 0
vexel/inference/runtime/block.go:1207.9,1209.22 1 0
vexel/inference/runtime/block.go:1209.22,1215.5 3 0
vexel/inference/runtime/block.go:1215.10,1218.5 1 0
vexel/inference/runtime/block.go:1223.2,1223.14 1 0
vexel/inference/runtime/block.go:1223.14,1226.3 2 0
vexel/inference/runtime/block.go:1228.2,1233.24 3 0
vexel/inference/runtime/block.go:1233.24,1236.3 2 0
vexel/inference/runtime/block.go:1241.2,1242.24 2 0
vexel/inference/runtime/block.go:1242.24,1247.3 1 0
vexel/inference/runtime/block.go:1249.2,1249.25 1 0
vexel/inference/runtime/block.go:1249.25,1250.32 1 0
vexel/inference/runtime/block.go:1250.32,1253.4 2 0
vexel/inference/runtime/block.go:1256.2,1256.14 1 0
vexel/inference/runtime/block.go:1256.14,1259.3 2 0
vexel/inference/runtime/block.go:1261.2,1262.24 2 0
vexel/inference/runtime/block.go:1262.24,1266.3 3 0
vexel/inference/runtime/block.go:1270.2,1270.25 1 0
vexel/inference/runtime/block.go:1270.25,1271.28 1 0
vexel/inference/runtime/block.go:1271.28,1273.4 1 0
vexel/inference/runtime/block.go:1274.3,1274.25 1 0
vexel/inference/runtime/block.go:1274.25,1277.4 2 0
vexel/inference/runtime/block.go:1281.2,1281.26 1 0
vexel/inference/runtime/block.go:1281.26,1284.26 1 0
vexel/inference/runtime/block.go:1284.26,1285.32 1 0
vexel/inference/runtime/block.go:1285.32,1286.39 1 0
vexel/inference/runtime/block.go:1286.39,1288.6 1 0
vexel/inference/runtime/block.go:1293.3,1293.25 1 0
vexel/inference/runtime/block.go:1293.25,1296.4 2 0
vexel/inference/runtime/block.go:1298.3,1298.26 1 0
vexel/inference/runtime/block.go:1298.26,1299.33 1 0
vexel/inference/runtime/block.go:1299.33,1302.5 2 0
vexel/inference/runtime/block.go:1306.3,1306.25 1 0
vexel/inference/runtime/block.go:1306.25,1310.35 3 0
vexel/inference/runtime/block.go:1310.35,1317.11 4 0
vexel/inference/runtime/block.go:1317.11,1322.44 5 0
vexel/inference/runtime/block.go:1322.44,1324.21 2 0
vexel/inference/runtime/block.go:1324.21,1327.8 2 0
vexel/inference/runtime/block.go:1329.6,1329.82 1 0
vexel/inference/runtime/block.go:1333.4,1333.36 1 0
vexel/inference/runtime/block.go:1333.36,1335.5 1 0
vexel/inference/runtime/block.go:1338.3,1338.28 1 0
vexel/inference/runtime/block.go:1338.28,1339.24 1 0
vexel/inference/runtime/block.go:1339.24,1341.5 1 0
vexel/inference/runtime/block.go:1345.3,1345.25 1 0
vexel/inference/runtime/block.go:1345.25,1349.36 3 0
vexel/inference/runtime/block.go:1349.36,1351.5 1 0
vexel/inference/runtime/block.go:1355.3,1355.25 1 0
vexel/inference/runtime/block.go:1355.25,1361.37 6 0
vexel/inference/runtime/block.go:1361.37,1363.5 1 0
vexel/inference/runtime/block.go:1365.4,1365.21 1 0
vexel/inference/runtime/block.go:1365.21,1370.11 2 0
vexel/inference/runtime/block.go:1370.11,1382.29 8 0
vexel/inference/runtime/block.go:1382.29,1384.7 1 0
vexel/inference/runtime/block.go:1385.6,1387.29 3 0
vexel/inference/runtime/block.go:1387.29,1389.7 1 0
vexel/inference/runtime/block.go:1390.6,1392.29 3 0
vexel/inference/runtime/block.go:1392.29,1394.7 1 0
vexel/inference/runtime/block.go:1395.6,1411.44 11 0
vexel/inference/runtime/block.go:1411.44,1417.25 6 0
vexel/inference/runtime/block.go:1417.25,1419.8 1 0
vexel/inference/runtime/block.go:1420.7,1420.25 1 0
vexel/inference/runtime/block.go:1420.25,1422.8 1 0
vexel/inference/runtime/block.go:1423.7,1423.21 1 0
vexel/inference/runtime/block.go:1423.21,1425.8 1 0
vexel/inference/runtime/block.go:1426.7,1426.21 1 0
vexel/inference/runtime/block.go:1426.21,1428.8 1 0
vexel/inference/runtime/block.go:1430.6,1439.44 8 0
vexel/inference/runtime/block.go:1439.44,1443.7 3 0
vexel/inference/runtime/block.go:1444.6,1452.41 7 0
vexel/inference/runtime/block.go:1452.41,1454.23 2 0
vexel/inference/runtime/block.go:1454.23,1456.8 1 0
vexel/inference/runtime/block.go:1457.7,1457.23 1 0
vexel/inference/runtime/block.go:1457.23,1459.8 1 0
vexel/inference/runtime/block.go:1460.7,1460.20 1 0
vexel/inference/runtime/block.go:1462.6,1462.125 1 0
vexel/inference/runtime/block.go:1466.3,1466.26 1 0
vexel/inference/runtime/block.go:1466.26,1467.33 1 0
vexel/inference/runtime/block.go:1467.33,1470.5 2 0
vexel/inference/runtime/block.go:1473.3,1473.39 1 0
vexel/inference/runtime/block.go:1473.39,1478.21 4 0
vexel/inference/runtime/block.go:1478.21,1484.11 3 0
vexel/inference/runtime/block.go:1484.11,1490.38 6 0
vexel/inference/runtime/block.go:1490.38,1492.31 2 0
vexel/inference/runtime/block.go:1492.31,1495.8 2 0
vexel/inference/runtime/block.go:1496.7,1496.31 1 0
vexel/inference/runtime/block.go:1496.31,1499.8 2 0
vexel/inference/runtime/block.go:1501.6,1503.45 2 0
vexel/inference/runtime/block.go:1503.45,1505.7 1 0
vexel/inference/runtime/block.go:1509.8,1517.17 2 0
vexel/inference/runtime/block.go:1517.17,1518.44 1 0
vexel/inference/runtime/block.go:1518.44,1523.5 4 0
vexel/inference/runtime/block.go:1524.9,1526.33 1 0
vexel/inference/runtime/block.go:1526.33,1527.39 1 0
vexel/inference/runtime/block.go:1527.39,1529.6 1 0
vexel/inference/runtime/block.go:1532.4,1532.27 1 0
vexel/inference/runtime/block.go:1532.27,1533.34 1 0
vexel/inference/runtime/block.go:1533.34,1536.6 2 0
vexel/inference/runtime/block.go:1539.4,1539.27 1 0
vexel/inference/runtime/block.go:1539.27,1540.34 1 0
vexel/inference/runtime/block.go:1540.34,1543.6 2 0
vexel/inference/runtime/block.go:1547.3,1547.31 1 0
vexel/inference/runtime/block.go:1547.31,1549.4 1 0
vexel/inference/runtime/block.go:1551.3,1551.26 1 0
vexel/inference/runtime/block.go:1551.26,1552.33 1 0
vexel/inference/runtime/block.go:1552.33,1555.5 2 0
vexel/inference/runtime/block.go:1558.2,1558.24 1 0
vexel/inference/runtime/block.go:1558.24,1562.3 3 0
vexel/inference/runtime/block.go:1564.2,1569.24 2 0
vexel/inference/runtime/block.go:1569.24,1573.37 1 0
vexel/inference/runtime/block.go:1573.37,1579.4 3 0
vexel/inference/runtime/block.go:1580.8,1581.28 1 0
vexel/inference/runtime/block.go:1581.28,1583.4 1 0
vexel/inference/runtime/block.go:1585.2,1585.24 1 0
vexel/inference/runtime/block.go:1585.24,1588.3 2 0
vexel/inference/runtime/block.go:1590.2,1590.14 1 0
vexel/inference/runtime/block.go:1590.14,1594.3 3 0
vexel/inference/runtime/block.go:1596.2,1602.15 3 0
vexel/inference/runtime/block.go:1606.47,1608.2 1 0
vexel/inference/runtime/block.go:1611.44,1613.25 2 1
vexel/inference/runtime/block.go:1613.25,1615.3 1 1
vexel/inference/runtime/block.go:1616.2,1616.15 1 1
vexel/inference/runtime/config.go:20.35,21.11 1 0
vexel/inference/runtime/config.go:22.19,23.19 1 0
vexel/inference/runtime/config.go:24.21,25.21 1 0
vexel/inference/runtime/config.go:26.10,27.19 1 0
vexel/inference/runtime/config.go:43.34,44.11 1 0
vexel/inference/runtime/config.go:45.17,46.18 1 0
vexel/inference/runtime/config.go:47.15,48.16 1 0
vexel/inference/runtime/config.go:49.10,50.19 1 0
vexel/inference/runtime/config.go:87.30,103.2 1 1
vexel/inference/runtime/config.go:106.25,123.2 1 0
vexel/inference/runtime/config.go:126.43,163.2 9 1
vexel/inference/runtime/config.go:166.70,169.17 2 1
vexel/inference/runtime/config.go:170.24,171.20 1 1
vexel/inference/runtime/config.go:172.19,173.16 1 0
vexel/inference/runtime/config.go:174.19,175.20 1 1
vexel/inference/runtime/config.go:176.10,177.20 1 0
vexel/inference/runtime/config.go:182.102,194.2 5 1
vexel/inference/runtime/config.go:197.59,199.30 1 1
vexel/inference/runtime/config.go:199.30,201.3 1 0
vexel/inference/runtime/config.go:204.2,225.19 12 1
vexel/inference/runtime/config.go:225.19,227.3 1 1
vexel/inference/runtime/config.go:229.2,230.28 2 1
vexel/inference/runtime/config.go:234.111,246.2 4 1
vexel/inference/runtime/config.go:249.64,252.20 2 0
vexel/inference/runtime/config.go:252.20,254.3 1 0
vexel/inference/runtime/config.go:256.2,257.20 2 0
vexel/inference/runtime/config.go:257.20,259.3 1 0
vexel/inference/runtime/config.go:262.2,268.24 6 0
vexel/inference/runtime/config.go:269.29,274.18 5 0
vexel/inference/runtime/config.go:275.25,279.18 4 0
vexel/inference/runtime/config.go:281.35,285.18 3 0
vexel/inference/runtime/config.go:289.2,309.3 2 0
vexel/inference/runtime/decode.go:16.27,18.2 1 1
vexel/inference/runtime/decode.go:25.43,26.18 1 0
vexel/inference/runtime/decode.go:26.18,28.3 1 0
vexel/inference/runtime/decode.go:29.2,29.37 1 0
vexel/inference/runtime/decode.go:29.37,32.3 2 0
vexel/inference/runtime/decode.go:35.2,40.22 5 0
vexel/inference/runtime/decode.go:40.22,43.3 2 0
vexel/inference/runtime/decode.go:45.2,47.27 3 0
vexel/inference/runtime/decode.go:47.27,48.29 1 0
vexel/inference/runtime/decode.go:48.29,50.4 1 0
vexel/inference/runtime/decode.go:50.9,50.39 1 0
vexel/inference/runtime/decode.go:50.39,52.4 1 0
vexel/inference/runtime/decode.go:52.9,53.15 1 0
vexel/inference/runtime/decode.go:53.15,55.5 1 0
vexel/inference/runtime/decode.go:56.4,56.15 1 0
vexel/inference/runtime/decode.go:56.15,58.5 1 0
vexel/inference/runtime/decode.go:59.4,59.12 1 0
vexel/inference/runtime/decode.go:62.2,65.21 3 0
vexel/inference/runtime/decode.go:65.21,67.3 1 0
vexel/inference/runtime/decode.go:68.2,69.72 1 0
vexel/inference/runtime/decode.go:76.41,77.33 1 0
vexel/inference/runtime/decode.go:77.33,79.3 1 0
vexel/inference/runtime/decode.go:81.2,93.21 7 0
vexel/inference/runtime/decode.go:93.21,95.3 1 0
vexel/inference/runtime/decode.go:97.2,97.27 1 0
vexel/inference/runtime/decode.go:97.27,98.23 1 0
vexel/inference/runtime/decode.go:98.23,101.28 2 0
vexel/inference/runtime/decode.go:101.28,102.38 1 0
vexel/inference/runtime/decode.go:102.38,104.6 1 0
vexel/inference/runtime/decode.go:109.2,110.24 2 0
vexel/inference/runtime/decode.go:110.24,112.3 1 0
vexel/inference/runtime/decode.go:113.2,118.27 4 0
vexel/inference/runtime/decode.go:118.27,119.29 1 0
vexel/inference/runtime/decode.go:119.29,121.4 1 0
vexel/inference/runtime/decode.go:121.9,122.18 1 0
vexel/inference/runtime/decode.go:122.18,124.5 1 0
vexel/inference/runtime/decode.go:125.4,125.18 1 0
vexel/inference/runtime/decode.go:125.18,127.5 1 0
vexel/inference/runtime/decode.go:130.2,130.90 1 0
vexel/inference/runtime/decode.go:134.40,136.29 2 1
vexel/inference/runtime/decode.go:136.29,138.3 1 1
vexel/inference/runtime/decode.go:139.2,139.14 1 1
vexel/inference/runtime/decode.go:143.44,145.24 2 1
vexel/inference/runtime/decode.go:145.24,147.3 1 1
vexel/inference/runtime/decode.go:148.2,148.15 1 1
vexel/inference/runtime/decode.go:153.85,156.20 3 1
vexel/inference/runtime/decode.go:156.20,158.3 1 0
vexel/inference/runtime/decode.go:160.2,160.17 1 1
vexel/inference/runtime/decode.go:160.17,162.3 1 0
vexel/inference/runtime/decode.go:165.2,165.60 1 1
vexel/inference/runtime/decode.go:165.60,167.3 1 0
vexel/inference/runtime/decode.go:169.2,173.18 3 1
vexel/inference/runtime/decode.go:173.18,175.3 1 0
vexel/inference/runtime/decode.go:176.2,177.18 2 1
vexel/inference/runtime/decode.go:177.18,179.3 1 1
vexel/inference/runtime/decode.go:181.2,184.56 2 1
vexel/inference/runtime/decode.go:184.56,186.3 1 1
vexel/inference/runtime/decode.go:189.2,191.16 3 1
vexel/inference/runtime/decode.go:191.16,193.3 1 0
vexel/inference/runtime/decode.go:194.2,198.16 3 1
vexel/inference/runtime/decode.go:198.16,200.3 1 0
vexel/inference/runtime/decode.go:201.2,204.38 2 1
vexel/inference/runtime/decode.go:204.38,206.3 1 0
vexel/inference/runtime/decode.go:208.2,208.17 1 1
vexel/inference/runtime/decode.go:208.17,211.3 2 0
vexel/inference/runtime/decode.go:214.2,216.16 3 1
vexel/inference/runtime/decode.go:216.16,218.3 1 0
vexel/inference/runtime/decode.go:219.2,223.57 3 1
vexel/inference/runtime/decode.go:223.57,225.3 1 0
vexel/inference/runtime/decode.go:228.2,228.33 1 1
vexel/inference/runtime/decode.go:228.33,230.17 2 1
vexel/inference/runtime/decode.go:230.17,232.4 1 0
vexel/inference/runtime/decode.go:234.3,234.28 1 1
vexel/inference/runtime/decode.go:234.28,237.4 2 0
vexel/inference/runtime/decode.go:239.2,239.17 1 1
vexel/inference/runtime/decode.go:239.17,242.3 2 0
vexel/inference/runtime/decode.go:245.2,246.17 2 1
vexel/inference/runtime/decode.go:246.17,249.3 2 0
vexel/inference/runtime/decode.go:252.2,253.16 2 1
vexel/inference/runtime/decode.go:253.16,255.3 1 0
vexel/inference/runtime/decode.go:256.2,264.17 4 1
vexel/inference/runtime/decode.go:264.17,266.3 1 0
vexel/inference/runtime/decode.go:268.2,268.20 1 1
vexel/inference/runtime/decode.go:273.96,277.2 1 0
vexel/inference/runtime/decode.go:283.101,284.22 1 0
vexel/inference/runtime/decode.go:284.22,286.3 1 0
vexel/inference/runtime/decode.go:288.2,288.17 1 0
vexel/inference/runtime/decode.go:288.17,290.3 1 0
vexel/inference/runtime/decode.go:293.2,293.60 1 0
vexel/inference/runtime/decode.go:293.60,295.3 1 0
vexel/inference/runtime/decode.go:297.2,301.18 4 0
vexel/inference/runtime/decode.go:301.18,303.3 1 0
vexel/inference/runtime/decode.go:305.2,306.18 2 0
vexel/inference/runtime/decode.go:306.18,308.3 1 0
vexel/inference/runtime/decode.go:310.2,312.56 2 0
vexel/inference/runtime/decode.go:312.56,314.3 1 0
vexel/inference/runtime/decode.go:317.2,319.16 3 0
vexel/inference/runtime/decode.go:319.16,321.3 1 0
vexel/inference/runtime/decode.go:322.2,326.16 3 0
vexel/inference/runtime/decode.go:326.16,328.3 1 0
vexel/inference/runtime/decode.go:329.2,332.38 2 0
vexel/inference/runtime/decode.go:332.38,334.3 1 0
vexel/inference/runtime/decode.go:335.2,344.16 7 0
vexel/inference/runtime/decode.go:344.16,346.3 1 0
vexel/inference/runtime/decode.go:347.2,350.33 2 0
vexel/inference/runtime/decode.go:350.33,352.17 2 0
vexel/inference/runtime/decode.go:352.17,354.4 1 0
vexel/inference/runtime/decode.go:357.2,365.16 4 0
vexel/inference/runtime/decode.go:365.16,367.3 1 0
vexel/inference/runtime/decode.go:368.2,374.17 4 0
vexel/inference/runtime/decode.go:374.17,376.3 1 0
vexel/inference/runtime/decode.go:378.2,378.20 1 0
vexel/inference/runtime/decode.go:384.86,385.22 1 0
vexel/inference/runtime/decode.go:385.22,387.3 1 0
vexel/inference/runtime/decode.go:389.2,389.23 1 0
vexel/inference/runtime/decode.go:389.23,391.3 1 0
vexel/inference/runtime/decode.go:394.2,395.14 2 0
vexel/inference/runtime/decode.go:395.14,397.3 1 0
vexel/inference/runtime/decode.go:400.2,400.60 1 0
vexel/inference/runtime/decode.go:400.60,402.3 1 0
vexel/inference/runtime/decode.go:404.2,408.18 4 0
vexel/inference/runtime/decode.go:408.18,410.3 1 0
vexel/inference/runtime/decode.go:412.2,413.18 2 0
vexel/inference/runtime/decode.go:413.18,415.3 1 0
vexel/inference/runtime/decode.go:417.2,419.56 2 0
vexel/inference/runtime/decode.go:419.56,421.3 1 0
vexel/inference/runtime/decode.go:424.2,426.16 3 0
vexel/inference/runtime/decode.go:426.16,428.3 1 0
vexel/inference/runtime/decode.go:429.2,433.16 3 0
vexel/inference/runtime/decode.go:433.16,435.3 1 0
vexel/inference/runtime/decode.go:436.2,439.38 2 0
vexel/inference/runtime/decode.go:439.38,441.3 1 0
vexel/inference/runtime/decode.go:442.2,442.17 1 0
vexel/inference/runtime/decode.go:442.17,445.3 2 0
vexel/inference/runtime/decode.go:448.2,450.16 3 0
vexel/inference/runtime/decode.go:450.16,452.3 1 0
vexel/inference/runtime/decode.go:453.2,456.14 2 0
vexel/inference/runtime/decode.go:456.14,458.3 1 0
vexel/inference/runtime/decode.go:459.2,459.33 1 0
vexel/inference/runtime/decode.go:459.33,461.17 2 0
vexel/inference/runtime/decode.go:461.17,463.4 1 0
vexel/inference/runtime/decode.go:465.3,465.15 1 0
vexel/inference/runtime/decode.go:465.15,468.4 2 0
vexel/inference/runtime/decode.go:471.2,471.17 1 0
vexel/inference/runtime/decode.go:471.17,473.3 1 0
vexel/inference/runtime/decode.go:477.2,478.20 2 0
vexel/inference/runtime/decode.go:478.20,481.3 1 0
vexel/inference/runtime/decode.go:481.8,484.57 2 0
vexel/inference/runtime/decode.go:484.57,487.4 2 0
vexel/inference/runtime/decode.go:487.9,489.4 1 0
vexel/inference/runtime/decode.go:493.2,494.17 2 0
vexel/inference/runtime/decode.go:494.17,497.3 2 0
vexel/inference/runtime/decode.go:500.2,501.16 2 0
vexel/inference/runtime/decode.go:501.16,503.3 1 0
vexel/inference/runtime/decode.go:504.2,510.17 4 0
vexel/inference/runtime/decode.go:510.17,512.3 1 0
vexel/inference/runtime/decode.go:514.2,514.20 1 0
vexel/inference/runtime/decode.go:520.107,522.17 2 0
vexel/inference/runtime/decode.go:522.17,524.3 1 0
vexel/inference/runtime/decode.go:526.2,526.17 1 0
vexel/inference/runtime/decode.go:526.17,528.3 1 0
vexel/inference/runtime/decode.go:531.2,531.60 1 0
vexel/inference/runtime/decode.go:531.60,533.3 1 0
vexel/inference/runtime/decode.go:535.2,538.18 3 0
vexel/inference/runtime/decode.go:538.18,540.3 1 0
vexel/inference/runtime/decode.go:542.2,543.18 2 0
vexel/inference/runtime/decode.go:543.18,545.3 1 0
vexel/inference/runtime/decode.go:547.2,549.56 2 0
vexel/inference/runtime/decode.go:549.56,551.3 1 0
vexel/inference/runtime/decode.go:554.2,556.16 3 0
vexel/inference/runtime/decode.go:556.16,558.3 1 0
vexel/inference/runtime/decode.go:559.2,563.16 3 0
vexel/inference/runtime/decode.go:563.16,565.3 1 0
vexel/inference/runtime/decode.go:566.2,569.38 2 0
vexel/inference/runtime/decode.go:569.38,571.3 1 0
vexel/inference/runtime/decode.go:572.2,579.16 5 0
vexel/inference/runtime/decode.go:579.16,581.3 1 0
vexel/inference/runtime/decode.go:582.2,585.33 2 0
vexel/inference/runtime/decode.go:585.33,587.17 2 0
vexel/inference/runtime/decode.go:587.17,589.4 1 0
vexel/inference/runtime/decode.go:591.3,591.18 1 0
vexel/inference/runtime/decode.go:591.18,594.4 2 0
vexel/inference/runtime/decode.go:596.2,603.54 4 0
vexel/inference/runtime/decode.go:603.54,606.3 1 0
vexel/inference/runtime/decode.go:606.8,610.57 2 0
vexel/inference/runtime/decode.go:610.57,613.4 2 0
vexel/inference/runtime/decode.go:613.9,616.4 1 0
vexel/inference/runtime/decode.go:619.2,623.16 3 0
vexel/inference/runtime/decode.go:623.16,625.3 1 0
vexel/inference/runtime/decode.go:626.2,633.17 4 0
vexel/inference/runtime/decode.go:633.17,635.3 1 0
vexel/inference/runtime/decode.go:637.2,637.20 1 0
vexel/inference/runtime/decode.go:644.124,645.22 1 0
vexel/inference/runtime/decode.go:645.22,647.3 1 0
vexel/inference/runtime/decode.go:649.2,649.23 1 0
vexel/inference/runtime/decode.go:649.23,651.3 1 0
vexel/inference/runtime/decode.go:654.2,654.60 1 0
vexel/inference/runtime/decode.go:654.60,656.3 1 0
vexel/inference/runtime/decode.go:658.2,662.18 4 0
vexel/inference/runtime/decode.go:662.18,664.3 1 0
vexel/inference/runtime/decode.go:666.2,667.18 2 0
vexel/inference/runtime/decode.go:667.18,669.3 1 0
vexel/inference/runtime/decode.go:671.2,673.56 2 0
vexel/inference/runtime/decode.go:673.56,675.3 1 0
vexel/inference/runtime/decode.go:678.2,680.16 3 0
vexel/inference/runtime/decode.go:680.16,682.3 1 0
vexel/inference/runtime/decode.go:683.2,687.16 3 0
vexel/inference/runtime/decode.go:687.16,689.3 1 0
vexel/inference/runtime/decode.go:690.2,693.38 2 0
vexel/inference/runtime/decode.go:693.38,695.3 1 0
vexel/inference/runtime/decode.go:698.2,700.16 3 0
vexel/inference/runtime/decode.go:700.16,702.3 1 0
vexel/inference/runtime/decode.go:703.2,706.33 2 0
vexel/inference/runtime/decode.go:706.33,708.17 2 0
vexel/inference/runtime/decode.go:708.17,710.4 1 0
vexel/inference/runtime/decode.go:715.2,716.20 2 0
vexel/inference/runtime/decode.go:716.20,718.3 1 0
vexel/inference/runtime/decode.go:718.8,720.57 2 0
vexel/inference/runtime/decode.go:720.57,723.4 2 0
vexel/inference/runtime/decode.go:723.9,725.4 1 0
vexel/inference/runtime/decode.go:729.2,741.16 8 0
vexel/inference/runtime/decode.go:741.16,743.3 1 0
vexel/inference/runtime/decode.go:744.2,750.28 4 0
vexel/inference/runtime/decode.go:766.88,768.17 2 0
vexel/inference/runtime/decode.go:768.17,770.3 1 0
vexel/inference/runtime/decode.go:772.2,772.23 1 0
vexel/inference/runtime/decode.go:772.23,774.3 1 0
vexel/inference/runtime/decode.go:777.2,777.60 1 0
vexel/inference/runtime/decode.go:777.60,779.3 1 0
vexel/inference/runtime/decode.go:781.2,784.18 3 0
vexel/inference/runtime/decode.go:784.18,786.3 1 0
vexel/inference/runtime/decode.go:788.2,789.18 2 0
vexel/inference/runtime/decode.go:789.18,791.3 1 0
vexel/inference/runtime/decode.go:793.2,795.56 2 0
vexel/inference/runtime/decode.go:795.56,797.3 1 0
vexel/inference/runtime/decode.go:800.2,802.16 3 0
vexel/inference/runtime/decode.go:802.16,804.3 1 0
vexel/inference/runtime/decode.go:805.2,809.16 3 0
vexel/inference/runtime/decode.go:809.16,811.3 1 0
vexel/inference/runtime/decode.go:812.2,815.38 2 0
vexel/inference/runtime/decode.go:815.38,817.3 1 0
vexel/inference/runtime/decode.go:820.2,821.16 2 0
vexel/inference/runtime/decode.go:821.16,823.3 1 0
vexel/inference/runtime/decode.go:824.2,827.48 2 0
vexel/inference/runtime/decode.go:827.48,830.17 3 0
vexel/inference/runtime/decode.go:830.17,832.4 1 0
vexel/inference/runtime/decode.go:836.2,841.16 3 0
vexel/inference/runtime/decode.go:841.16,843.3 1 0
vexel/inference/runtime/decode.go:844.2,851.20 4 0
vexel/inference/runtime/decode.go:861.111,863.17 2 0
vexel/inference/runtime/decode.go:863.17,865.3 1 0
vexel/inference/runtime/decode.go:867.2,867.23 1 0
vexel/inference/runtime/decode.go:867.23,869.3 1 0
vexel/inference/runtime/decode.go:872.2,872.60 1 0
vexel/inference/runtime/decode.go:872.60,874.3 1 0
vexel/inference/runtime/decode.go:876.2,879.18 3 0
vexel/inference/runtime/decode.go:879.18,881.3 1 0
vexel/inference/runtime/decode.go:883.2,884.18 2 0
vexel/inference/runtime/decode.go:884.18,886.3 1 0
vexel/inference/runtime/decode.go:888.2,890.56 2 0
vexel/inference/runtime/decode.go:890.56,892.3 1 0
vexel/inference/runtime/decode.go:895.2,897.16 3 0
vexel/inference/runtime/decode.go:897.16,899.3 1 0
vexel/inference/runtime/decode.go:900.2,904.16 3 0
vexel/inference/runtime/decode.go:904.16,906.3 1 0
vexel/inference/runtime/decode.go:907.2,910.38 2 0
vexel/inference/runtime/decode.go:910.38,912.3 1 0
vexel/inference/runtime/decode.go:915.2,916.16 2 0
vexel/inference/runtime/decode.go:916.16,918.3 1 0
vexel/inference/runtime/decode.go:919.2,922.48 2 0
vexel/inference/runtime/decode.go:922.48,925.17 3 0
vexel/inference/runtime/decode.go:925.17,927.4 1 0
vexel/inference/runtime/decode.go:931.2,941.30 6 0
vexel/inference/runtime/decode.go:941.30,945.3 3 0
vexel/inference/runtime/decode.go:948.2,949.16 2 0
vexel/inference/runtime/decode.go:949.16,951.3 1 0
vexel/inference/runtime/decode.go:952.2,959.34 4 0
vexel/inference/runtime/gpu_kv_cache.go:48.98,50.2 1 0
vexel/inference/runtime/gpu_kv_cache.go:54.102,56.2 1 0
vexel/inference/runtime/gpu_kv_cache.go:61.102,63.2 1 0
vexel/inference/runtime/gpu_kv_cache.go:67.125,69.13 2 0
vexel/inference/runtime/gpu_kv_cache.go:69.13,71.3 1 0
vexel/inference/runtime/gpu_kv_cache.go:72.2,72.94 1 0
vexel/inference/runtime/gpu_kv_cache.go:76.136,92.19 4 0
vexel/inference/runtime/gpu_kv_cache.go:93.23,94.31 1 0
vexel/inference/runtime/gpu_kv_cache.go:95.23,96.31 1 0
vexel/inference/runtime/gpu_kv_cache.go:97.23,100.43 2 0
vexel/inference/runtime/gpu_kv_cache.go:103.2,103.33 1 0
vexel/inference/runtime/gpu_kv_cache.go:103.33,106.3 2 0
vexel/inference/runtime/gpu_kv_cache.go:108.2,108.14 1 0
vexel/inference/runtime/gpu_kv_cache.go:112.30,116.2 3 0
vexel/inference/runtime/gpu_kv_cache.go:119.35,123.2 3 0
vexel/inference/runtime/gpu_kv_cache.go:127.37,129.2 1 0
vexel/inference/runtime/gpu_kv_cache.go:132.37,134.2 1 0
vexel/inference/runtime/gpu_kv_cache.go:137.46,139.2 1 0
vexel/inference/runtime/gpu_kv_cache.go:143.41,145.2 1 0
vexel/inference/runtime/gpu_kv_cache.go:152.137,160.15 3 0
vexel/inference/runtime/gpu_kv_cache.go:160.15,161.53 1 0
vexel/inference/runtime/gpu_kv_cache.go:161.53,167.33 4 0
vexel/inference/runtime/gpu_kv_cache.go:167.33,169.5 1 0
vexel/inference/runtime/gpu_kv_cache.go:170.4,170.65 1 0
vexel/inference/runtime/gpu_kv_cache.go:175.2,176.15 2 0
vexel/inference/runtime/gpu_kv_cache.go:176.15,178.3 1 0
vexel/inference/runtime/gpu_kv_cache.go:180.2,181.16 2 0
vexel/inference/runtime/gpu_kv_cache.go:181.16,184.3 1 0
vexel/inference/runtime/gpu_kv_cache.go:190.2,195.33 5 0
vexel/inference/runtime/gpu_kv_cache.go:195.33,196.37 1 0
vexel/inference/runtime/gpu_kv_cache.go:196.37,204.4 4 0
vexel/inference/runtime/gpu_kv_cache.go:208.2,211.31 2 0
vexel/inference/runtime/gpu_kv_cache.go:211.31,213.3 1 0
vexel/inference/runtime/gpu_kv_cache.go:216.2,216.63 1 0
vexel/inference/runtime/gpu_kv_cache.go:220.78,224.2 3 0
vexel/inference/runtime/gpu_kv_cache.go:229.46,233.19 3 0
vexel/inference/runtime/gpu_kv_cache.go:233.19,235.3 1 0
vexel/inference/runtime/gpu_kv_cache.go:236.2,236.26 1 0
vexel/inference/runtime/gpu_kv_cache.go:236.26,238.3 1 0
vexel/inference/runtime/gpu_kv_cache.go:239.2,239.22 1 0
vexel/inference/runtime/gpu_kv_cache.go:243.29,244.35 1 0
vexel/inference/runtime/gpu_kv_cache.go:244.35,247.3 2 0
vexel/inference/runtime/inputs.go:15.88,21.2 1 1
vexel/inference/runtime/inputs.go:24.112,30.2 1 0
vexel/inference/runtime/inputs.go:33.98,39.2 1 0
vexel/inference/runtime/inputs.go:42.44,44.2 1 1
vexel/inference/runtime/inputs.go:48.47,50.2 1 1
vexel/inference/runtime/inputs.go:54.46,56.2 1 0
vexel/inference/runtime/inputs.go:59.59,61.2 1 1
vexel/inference/runtime/loader.go:16.55,18.20 2 1
vexel/inference/runtime/loader.go:18.20,20.3 1 0
vexel/inference/runtime/loader.go:21.2,21.39 1 1
vexel/inference/runtime/loader.go:27.59,29.16 2 0
vexel/inference/runtime/loader.go:29.16,31.3 1 0
vexel/inference/runtime/loader.go:33.2,36.69 2 0
vexel/inference/runtime/loader.go:36.69,38.3 1 0
vexel/inference/runtime/loader.go:38.8,40.3 1 0
vexel/inference/runtime/loader.go:43.2,49.37 5 0
vexel/inference/runtime/loader.go:49.37,55.13 3 0
vexel/inference/runtime/loader.go:55.13,58.37 2 0
vexel/inference/runtime/loader.go:58.37,60.14 2 0
vexel/inference/runtime/loader.go:60.14,62.11 2 0
vexel/inference/runtime/loader.go:66.3,66.13 1 0
vexel/inference/runtime/loader.go:66.13,68.12 2 0
vexel/inference/runtime/loader.go:72.3,76.67 2 0
vexel/inference/runtime/loader.go:76.67,78.18 2 0
vexel/inference/runtime/loader.go:78.18,80.13 2 0
vexel/inference/runtime/loader.go:84.4,91.13 3 0
vexel/inference/runtime/loader.go:92.9,92.74 1 0
vexel/inference/runtime/loader.go:92.74,95.18 2 0
vexel/inference/runtime/loader.go:95.18,97.13 2 0
vexel/inference/runtime/loader.go:99.4,106.13 3 0
vexel/inference/runtime/loader.go:107.9,107.76 1 0
vexel/inference/runtime/loader.go:107.76,111.18 2 0
vexel/inference/runtime/loader.go:111.18,113.13 2 0
vexel/inference/runtime/loader.go:115.4,121.56 2 0
vexel/inference/runtime/loader.go:122.9,125.18 2 0
vexel/inference/runtime/loader.go:125.18,127.13 2 0
vexel/inference/runtime/loader.go:130.4,135.43 2 0
vexel/inference/runtime/loader.go:139.3,140.16 2 0
vexel/inference/runtime/loader.go:143.2,145.12 2 0
vexel/inference/runtime/loader.go:150.58,152.16 2 0
vexel/inference/runtime/loader.go:152.16,154.3 1 0
vexel/inference/runtime/loader.go:155.2,161.37 5 0
vexel/inference/runtime/loader.go:161.37,165.13 3 0
vexel/inference/runtime/loader.go:165.13,167.37 2 0
vexel/inference/runtime/loader.go:167.37,169.14 2 0
vexel/inference/runtime/loader.go:169.14,171.11 2 0
vexel/inference/runtime/loader.go:175.3,175.13 1 0
vexel/inference/runtime/loader.go:175.13,177.12 2 0
vexel/inference/runtime/loader.go:179.3,183.17 3 0
vexel/inference/runtime/loader.go:183.17,185.12 2 0
vexel/inference/runtime/loader.go:188.3,196.16 4 0
vexel/inference/runtime/loader.go:199.2,200.12 2 0
vexel/inference/runtime/loader.go:205.57,207.69 1 0
vexel/inference/runtime/loader.go:207.69,209.3 1 0
vexel/inference/runtime/loader.go:210.2,210.93 1 0
vexel/inference/runtime/loader.go:210.93,212.3 1 0
vexel/inference/runtime/loader.go:214.2,214.76 1 0
vexel/inference/runtime/loader.go:214.76,216.3 1 0
vexel/inference/runtime/loader.go:217.2,217.14 1 0
vexel/inference/runtime/loader.go:221.55,229.40 2 0
vexel/inference/runtime/loader.go:229.40,231.3 1 0
vexel/inference/runtime/loader.go:233.2,233.48 1 0
vexel/inference/runtime/loader.go:233.48,236.34 2 0
vexel/inference/runtime/loader.go:236.34,249.24 2 0
vexel/inference/runtime/loader.go:249.24,258.5 1 0
vexel/inference/runtime/loader.go:259.9,272.4 1 0
vexel/inference/runtime/loader.go:275.2,275.14 1 0
vexel/inference/runtime/loader.go:279.67,284.40 2 0
vexel/inference/runtime/loader.go:284.40,286.3 1 0
vexel/inference/runtime/loader.go:289.2,289.40 1 0
vexel/inference/runtime/loader.go:289.40,291.3 1 0
vexel/inference/runtime/loader.go:293.2,293.13 1 0
vexel/inference/runtime/loader.go:297.66,299.16 2 1
vexel/inference/runtime/loader.go:299.16,301.3 1 1
vexel/inference/runtime/loader.go:302.2,307.16 4 1
vexel/inference/runtime/loader.go:307.16,309.3 1 0
vexel/inference/runtime/loader.go:312.2,315.33 2 1
vexel/inference/runtime/loader.go:315.33,322.10 2 1
vexel/inference/runtime/loader.go:322.10,323.12 1 0
vexel/inference/runtime/loader.go:326.3,327.24 2 1
vexel/inference/runtime/loader.go:327.24,328.12 1 1
vexel/inference/runtime/loader.go:332.3,335.31 4 1
vexel/inference/runtime/loader.go:335.31,338.4 2 1
vexel/inference/runtime/loader.go:340.3,358.60 6 1
vexel/inference/runtime/loader.go:358.60,361.27 2 1
vexel/inference/runtime/loader.go:361.27,363.5 1 1
vexel/inference/runtime/loader.go:365.4,376.46 6 1
vexel/inference/runtime/loader.go:377.9,380.4 1 1
vexel/inference/runtime/loader.go:382.3,389.23 2 1
vexel/inference/runtime/loader.go:392.2,392.12 1 1
vexel/inference/runtime/loader.go:398.52,400.47 1 0
vexel/inference/runtime/loader.go:400.47,401.28 1 0
vexel/inference/runtime/loader.go:401.28,403.4 1 0
vexel/inference/runtime/loader.go:405.3,405.62 1 0
vexel/inference/runtime/loader.go:405.62,407.4 1 0
vexel/inference/runtime/loader.go:410.3,412.22 3 0
vexel/inference/runtime/loader.go:412.22,413.28 1 0
vexel/inference/runtime/loader.go:414.21,417.31 2 0
vexel/inference/runtime/loader.go:418.21,421.32 2 0
vexel/inference/runtime/loader.go:422.21,425.32 2 0
vexel/inference/runtime/loader.go:426.12,428.32 1 0
vexel/inference/runtime/loader.go:430.9,433.4 1 0
vexel/inference/runtime/loader.go:436.3,437.89 2 0
vexel/inference/runtime/loader.go:437.89,439.4 1 0
vexel/inference/runtime/loader.go:439.9,441.4 1 0
vexel/inference/runtime/loader.go:442.3,442.24 1 0
vexel/inference/runtime/loader.go:442.24,444.4 1 0
vexel/inference/runtime/loader.go:447.3,451.22 3 0
vexel/inference/runtime/loader.go:451.22,453.4 1 0
vexel/inference/runtime/loader.go:453.9,455.4 1 0
vexel/inference/runtime/loader.go:456.3,456.13 1 0
vexel/inference/runtime/loader.go:460.2,460.51 1 0
vexel/inference/runtime/loader.go:460.51,462.3 1 0
vexel/inference/runtime/loader.go:463.2,463.51 1 0
vexel/inference/runtime/loader.go:463.51,465.3 1 0
vexel/inference/runtime/loader.go:466.2,466.55 1 0
vexel/inference/runtime/loader.go:466.55,468.3 1 0
vexel/inference/runtime/loader.go:469.2,469.52 1 0
vexel/inference/runtime/loader.go:469.52,471.3 1 0
vexel/inference/runtime/loader.go:474.2,474.33 1 0
vexel/inference/runtime/loader.go:474.33,475.55 1 0
vexel/inference/runtime/loader.go:475.55,477.4 1 0
vexel/inference/runtime/loader.go:478.3,478.59 1 0
vexel/inference/runtime/loader.go:478.59,480.4 1 0
vexel/inference/runtime/loader.go:481.3,481.49 1 0
vexel/inference/runtime/loader.go:481.49,483.4 1 0
vexel/inference/runtime/loader.go:484.3,484.53 1 0
vexel/inference/runtime/loader.go:484.53,486.4 1 0
vexel/inference/runtime/loader.go:487.3,487.49 1 0
vexel/inference/runtime/loader.go:487.49,489.4 1 0
vexel/inference/runtime/loader.go:490.3,490.53 1 0
vexel/inference/runtime/loader.go:490.53,492.4 1 0
vexel/inference/runtime/loader.go:493.3,493.49 1 0
vexel/inference/runtime/loader.go:493.49,495.4 1 0
vexel/inference/runtime/loader.go:496.3,496.53 1 0
vexel/inference/runtime/loader.go:496.53,498.4 1 0
vexel/inference/runtime/loader.go:499.3,499.49 1 0
vexel/inference/runtime/loader.go:499.49,501.4 1 0
vexel/inference/runtime/loader.go:502.3,502.53 1 0
vexel/inference/runtime/loader.go:502.53,504.4 1 0
vexel/inference/runtime/loader.go:505.3,505.54 1 0
vexel/inference/runtime/loader.go:505.54,507.4 1 0
vexel/inference/runtime/loader.go:508.3,508.58 1 0
vexel/inference/runtime/loader.go:508.58,510.4 1 0
vexel/inference/runtime/loader.go:511.3,511.49 1 0
vexel/inference/runtime/loader.go:511.49,513.4 1 0
vexel/inference/runtime/loader.go:514.3,514.53 1 0
vexel/inference/runtime/loader.go:514.53,516.4 1 0
vexel/inference/runtime/loader.go:517.3,517.49 1 0
vexel/inference/runtime/loader.go:517.49,519.4 1 0
vexel/inference/runtime/loader.go:520.3,520.53 1 0
vexel/inference/runtime/loader.go:520.53,522.4 1 0
vexel/inference/runtime/loader.go:523.3,523.49 1 0
vexel/inference/runtime/loader.go:523.49,525.4 1 0
vexel/inference/runtime/loader.go:529.2,531.12 2 0
vexel/inference/runtime/loader.go:534.64,536.41 1 1
vexel/inference/runtime/loader.go:536.41,539.3 2 1
vexel/inference/runtime/loader.go:540.2,540.33 1 1
vexel/inference/runtime/loader.go:540.33,543.3 2 1
vexel/inference/runtime/loader.go:544.2,544.31 1 1
vexel/inference/runtime/loader.go:544.31,547.3 2 0
vexel/inference/runtime/loader.go:548.2,548.30 1 1
vexel/inference/runtime/loader.go:548.30,551.3 2 1
vexel/inference/runtime/loader.go:554.2,554.46 1 1
vexel/inference/runtime/loader.go:554.46,558.41 3 1
vexel/inference/runtime/loader.go:558.41,560.4 1 0
vexel/inference/runtime/loader.go:562.3,565.17 3 1
vexel/inference/runtime/loader.go:567.34,568.16 1 1
vexel/inference/runtime/loader.go:569.34,570.16 1 1
vexel/inference/runtime/loader.go:571.34,572.16 1 1
vexel/inference/runtime/loader.go:575.36,576.30 1 0
vexel/inference/runtime/loader.go:577.34,578.28 1 0
vexel/inference/runtime/loader.go:581.34,582.16 1 1
vexel/inference/runtime/loader.go:583.32,584.20 1 0
vexel/inference/runtime/loader.go:587.31,588.16 1 1
vexel/inference/runtime/loader.go:589.29,590.16 1 1
vexel/inference/runtime/loader.go:591.31,592.16 1 1
vexel/inference/runtime/loader.go:595.25,596.16 1 0
vexel/inference/runtime/loader.go:597.23,598.20 1 0
vexel/inference/runtime/loader.go:599.25,600.16 1 0
vexel/inference/runtime/loader.go:601.23,602.20 1 0
vexel/inference/runtime/loader.go:605.33,606.22 1 1
vexel/inference/runtime/loader.go:607.31,608.26 1 0
vexel/inference/runtime/loader.go:609.42,610.21 1 1
vexel/inference/runtime/loader.go:611.40,612.25 1 0
vexel/inference/runtime/loader.go:619.84,621.20 2 0
vexel/inference/runtime/loader.go:621.20,624.3 2 0
vexel/inference/runtime/loader.go:626.2,636.31 7 0
vexel/inference/runtime/loader.go:636.31,640.3 2 0
vexel/inference/runtime/loader.go:643.2,644.20 2 0
vexel/inference/runtime/loader.go:644.20,646.3 1 0
vexel/inference/runtime/loader.go:649.2,649.28 1 0
vexel/inference/runtime/loader.go:649.28,654.3 2 0
vexel/inference/runtime/loader.go:657.2,669.82 9 0
vexel/inference/runtime/loader.go:673.82,675.20 2 0
vexel/inference/runtime/loader.go:675.20,678.3 2 0
vexel/inference/runtime/loader.go:680.2,688.31 6 0
vexel/inference/runtime/loader.go:688.31,691.3 2 0
vexel/inference/runtime/loader.go:693.2,694.20 2 0
vexel/inference/runtime/loader.go:694.20,696.3 1 0
vexel/inference/runtime/loader.go:699.2,707.80 7 0
vexel/inference/runtime/model.go:45.133,48.24 2 1
vexel/inference/runtime/model.go:48.24,50.3 1 1
vexel/inference/runtime/model.go:52.2,58.8 1 1
vexel/inference/runtime/model.go:62.45,64.2 1 1
vexel/inference/runtime/model.go:67.46,69.2 1 0
vexel/inference/runtime/model.go:73.77,78.33 3 0
vexel/inference/runtime/model.go:78.33,80.3 1 0
vexel/inference/runtime/model.go:84.46,89.33 3 0
vexel/inference/runtime/model.go:89.33,90.29 1 0
vexel/inference/runtime/model.go:90.29,92.4 1 0
vexel/inference/runtime/model.go:96.2,97.25 2 0
vexel/inference/runtime/model.go:97.25,100.3 1 0
vexel/inference/runtime/model.go:102.2,114.3 1 0
vexel/inference/runtime/model.go:118.50,120.2 1 0
vexel/inference/runtime/model.go:123.86,124.37 1 1
vexel/inference/runtime/model.go:124.37,126.3 1 1
vexel/inference/runtime/model.go:127.2,128.40 2 0
vexel/inference/runtime/model.go:128.40,129.63 1 0
vexel/inference/runtime/model.go:129.63,130.13 1 0
vexel/inference/runtime/model.go:130.13,132.5 1 0
vexel/inference/runtime/model.go:133.4,134.10 2 0
vexel/inference/runtime/model.go:138.2,138.11 1 0
vexel/inference/runtime/model.go:138.11,140.3 1 0
vexel/inference/runtime/model.go:141.2,141.100 1 0
vexel/inference/runtime/model.go:145.51,146.33 1 1
vexel/inference/runtime/model.go:146.33,148.3 1 0
vexel/inference/runtime/model.go:149.2,149.20 1 1
vexel/inference/runtime/model.go:153.64,155.2 1 0
vexel/inference/runtime/model.go:158.56,160.2 1 0
vexel/inference/runtime/model.go:163.75,175.2 5 0
vexel/inference/runtime/model.go:181.68,186.46 3 0
vexel/inference/runtime/model.go:186.46,188.3 1 0
vexel/inference/runtime/model.go:190.2,190.39 1 0
vexel/inference/runtime/model.go:190.39,192.3 1 0
vexel/inference/runtime/model.go:194.2,203.14 3 0
vexel/inference/runtime/model.go:207.49,209.2 1 0
vexel/inference/runtime/model.go:214.117,215.38 1 1
vexel/inference/runtime/model.go:215.38,217.3 1 1
vexel/inference/runtime/model.go:221.2,221.32 1 0
vexel/inference/runtime/model.go:221.32,222.66 1 0
vexel/inference/runtime/model.go:222.66,224.34 2 0
vexel/inference/runtime/model.go:224.34,227.5 1 0
vexel/inference/runtime/model.go:230.4,230.101 1 0
vexel/inference/runtime/model.go:230.101,234.36 3 0
vexel/inference/runtime/model.go:234.36,238.21 3 0
vexel/inference/runtime/model.go:239.23,240.109 1 0
vexel/inference/runtime/model.go:241.23,242.109 1 0
vexel/inference/runtime/model.go:243.23,244.109 1 0
vexel/inference/runtime/model.go:247.5,247.11 1 0
vexel/inference/runtime/model.go:251.4,251.19 1 0
vexel/inference/runtime/model.go:252.21,254.11 2 0
vexel/inference/runtime/model.go:255.21,257.11 2 0
vexel/inference/runtime/model.go:258.21,260.11 2 0
vexel/inference/runtime/model.go:266.2,266.109 1 0
vexel/inference/runtime/model.go:272.60,273.38 1 0
vexel/inference/runtime/model.go:273.38,275.3 1 0
vexel/inference/runtime/model.go:277.2,283.32 5 0
vexel/inference/runtime/model.go:283.32,285.18 2 0
vexel/inference/runtime/model.go:286.20,289.30 2 0
vexel/inference/runtime/model.go:290.20,293.30 2 0
vexel/inference/runtime/model.go:294.20,297.29 2 0
vexel/inference/runtime/model.go:298.11,300.30 1 0
vexel/inference/runtime/model.go:302.8,304.3 1 0
vexel/inference/runtime/model.go:306.2,311.32 4 0
vexel/inference/runtime/model.go:311.32,314.18 3 0
vexel/inference/runtime/model.go:315.20,316.36 1 0
vexel/inference/runtime/model.go:317.20,318.36 1 0
vexel/inference/runtime/model.go:319.20,320.36 1 0
vexel/inference/runtime/model.go:321.11,322.35 1 0
vexel/inference/runtime/model.go:324.3,324.59 1 0
vexel/inference/runtime/model.go:328.2,329.35 2 0
vexel/inference/runtime/model.go:329.35,333.3 2 0
vexel/inference/runtime/model.go:334.2,334.15 1 0
vexel/inference/runtime/model.go:338.40,340.2 1 0
vexel/inference/runtime/plan.go:200.96,201.19 1 0
vexel/inference/runtime/plan.go:201.19,203.3 1 0
vexel/inference/runtime/plan.go:205.2,213.21 3 0
vexel/inference/runtime/plan.go:214.19,215.47 1 0
vexel/inference/runtime/plan.go:216.19,217.47 1 0
vexel/inference/runtime/plan.go:218.10,219.47 1 0
vexel/inference/runtime/plan.go:223.2,227.37 2 0
vexel/inference/runtime/plan.go:227.37,230.3 2 0
vexel/inference/runtime/plan.go:233.2,238.13 3 0
vexel/inference/runtime/plan.go:242.55,244.65 1 0
vexel/inference/runtime/plan.go:244.65,246.3 1 0
vexel/inference/runtime/plan.go:249.2,253.25 3 0
vexel/inference/runtime/plan.go:253.25,256.3 2 0
vexel/inference/runtime/plan.go:257.2,257.27 1 0
vexel/inference/runtime/plan.go:257.27,260.3 2 0
vexel/inference/runtime/plan.go:261.2,261.36 1 0
vexel/inference/runtime/plan.go:261.36,264.3 2 0
vexel/inference/runtime/plan.go:265.2,265.30 1 0
vexel/inference/runtime/plan.go:265.30,268.3 2 0
vexel/inference/runtime/plan.go:271.2,272.26 2 0
vexel/inference/runtime/plan.go:272.26,275.3 2 0
vexel/inference/runtime/plan.go:276.2,276.37 1 0
vexel/inference/runtime/plan.go:276.37,279.3 2 0
vexel/inference/runtime/plan.go:280.2,280.30 1 0
vexel/inference/runtime/plan.go:280.30,283.3 2 0
vexel/inference/runtime/plan.go:284.2,284.27 1 0
vexel/inference/runtime/plan.go:284.27,287.3 2 0
vexel/inference/runtime/plan.go:289.2,291.29 2 0
vexel/inference/runtime/plan.go:291.29,293.3 1 0
vexel/inference/runtime/plan.go:294.2,294.71 1 0
vexel/inference/runtime/plan.go:299.87,346.2 6 0
vexel/inference/runtime/plan.go:350.87,366.26 4 0
vexel/inference/runtime/plan.go:366.26,368.3 1 0
vexel/inference/runtime/plan.go:370.2,401.3 4 0
vexel/inference/runtime/plan.go:405.68,406.26 1 0
vexel/inference/runtime/plan.go:406.26,410.3 2 0
vexel/inference/runtime/plan.go:412.2,412.30 1 0
vexel/inference/runtime/plan.go:412.30,417.3 3 0
vexel/inference/runtime/plan.go:421.45,423.49 1 0
vexel/inference/runtime/plan.go:423.49,425.3 1 0
vexel/inference/runtime/plan.go:426.2,426.57 1 0
vexel/inference/runtime/plan.go:426.57,428.3 1 0
vexel/inference/runtime/plan.go:429.2,429.48 1 0
vexel/inference/runtime/plan.go:429.48,432.3 2 0
vexel/inference/runtime/plan.go:433.2,433.55 1 0
vexel/inference/runtime/plan.go:433.55,435.3 1 0
vexel/inference/runtime/plan.go:436.2,436.53 1 0
vexel/inference/runtime/plan.go:436.53,438.3 1 0
vexel/inference/runtime/plan.go:439.2,439.47 1 0
vexel/inference/runtime/plan.go:439.47,441.3 1 0
vexel/inference/runtime/plan.go:442.2,442.48 1 0
vexel/inference/runtime/plan.go:442.48,444.3 1 0
vexel/inference/runtime/plan.go:447.2,447.46 1 0
vexel/inference/runtime/plan.go:447.46,448.44 1 0
vexel/inference/runtime/plan.go:448.44,450.4 1 0
vexel/inference/runtime/plan.go:452.2,452.47 1 0
vexel/inference/runtime/plan.go:452.47,453.44 1 0
vexel/inference/runtime/plan.go:453.44,455.4 1 0
vexel/inference/runtime/plan.go:457.2,457.53 1 0
vexel/inference/runtime/plan.go:457.53,458.44 1 0
vexel/inference/runtime/plan.go:458.44,460.4 1 0
vexel/inference/runtime/plan.go:464.2,464.49 1 0
vexel/inference/runtime/plan.go:464.49,466.3 1 0
vexel/inference/runtime/plan.go:466.8,466.21 1 0
vexel/inference/runtime/plan.go:466.21,468.3 1 0
vexel/inference/runtime/plan.go:469.2,469.56 1 0
vexel/inference/runtime/plan.go:469.56,471.3 1 0
vexel/inference/runtime/plan.go:472.2,472.59 1 0
vexel/inference/runtime/plan.go:472.59,474.3 1 0
vexel/inference/runtime/plan.go:477.2,477.47 1 0
vexel/inference/runtime/plan.go:477.47,479.3 1 0
vexel/inference/runtime/plan.go:483.41,523.2 32 0
vexel/inference/runtime/plan.go:526.35,532.2 5 0
vexel/inference/runtime/profile.go:27.13,28.22 1 1
vexel/inference/runtime/profile.go:28.22,30.3 1 0
vexel/inference/runtime/profile.go:34.24,40.2 5 0
vexel/inference/runtime/profile.go:43.25,47.2 3 0
vexel/inference/runtime/profile.go:50.21,55.2 4 0
vexel/inference/runtime/profile.go:58.45,59.23 1 0
vexel/inference/runtime/profile.go:59.23,61.3 1 0
vexel/inference/runtime/profile.go:62.2,65.27 4 0
vexel/inference/runtime/profile.go:70.33,71.23 1 0
vexel/inference/runtime/profile.go:71.23,72.17 1 0
vexel/inference/runtime/profile.go:72.18,72.19 0 0
vexel/inference/runtime/profile.go:74.2,75.16 2 0
vexel/inference/runtime/profile.go:75.16,77.3 1 0
vexel/inference/runtime/profile.go:81.21,85.30 3 0
vexel/inference/runtime/profile.go:85.30,88.3 2 0
vexel/inference/runtime/profile.go:91.2,98.38 4 0
vexel/inference/runtime/profile.go:98.38,101.3 2 0
vexel/inference/runtime/profile.go:102.2,102.42 1 0
vexel/inference/runtime/profile.go:102.42,104.3 1 0
vexel/inference/runtime/profile.go:106.2,108.28 3 0
vexel/inference/runtime/profile.go:108.28,113.3 3 0
vexel/inference/runtime/profile.go:114.2,115.74 2 0
